2026-02-21 00:27:28,850 [INFO] UtilMem:75 - End SaveConfig() Used Memory: 962573088 Bytes (1073741824)
2026-02-21 00:27:31,852 [INFO] UtilMem:75 - End SaveConfig() Used Memory: 638046200 Bytes (1073741824)
2026-02-21 00:27:33,438 [INFO] BlockDiagram:2775 - set Specific Code input for plugin: SYS
2026-02-21 00:27:33,439 [INFO] BlockDiagram:2775 - set Specific Code input for plugin: ADC
2026-02-21 00:27:33,443 [INFO] BlockDiagram:2775 - set Specific Code input for plugin: RCC
2026-02-21 00:27:33,443 [INFO] BlockDiagram:2775 - set Specific Code input for plugin: NVIC
2026-02-21 00:27:33,445 [INFO] BlockDiagram:2775 - set Specific Code input for plugin: GPIO
2026-02-21 00:27:33,449 [INFO] CodeGenerator:892 - code generatio: config db path: /home/mowibox/st/stm32cubeide_1.19.0/plugins/com.st.stm32cube.common.mx_6.15.0.202507011659//db/
2026-02-21 00:27:33,747 [INFO] CodeEngine:265 - oldGeneratedFile, /home/mowibox/Documents/WorkspaceU/Git_folders/chromapi_motherboard/firmware/chromapi_stm32_core/MXTmpFiles/license.tmp_save
2026-02-21 00:27:34,773 [INFO] CodeEngine:289 - Generated code: /home/mowibox/Documents/WorkspaceU/Git_folders/chromapi_motherboard/firmware/chromapi_stm32_core/MXTmpFiles/license.tmp
2026-02-21 00:27:35,200 [INFO] CodeEngine:265 - oldGeneratedFile, /home/mowibox/Documents/WorkspaceU/Git_folders/chromapi_motherboard/firmware/chromapi_stm32_core/MXTmpFiles/gpio.tmp_save
2026-02-21 00:27:35,377 [INFO] CodeEngine:289 - Generated code: /home/mowibox/Documents/WorkspaceU/Git_folders/chromapi_motherboard/firmware/chromapi_stm32_core/MXTmpFiles/gpio.tmp
2026-02-21 00:27:35,615 [INFO] CodeEngine:265 - oldGeneratedFile, /home/mowibox/Documents/WorkspaceU/Git_folders/chromapi_motherboard/firmware/chromapi_stm32_core/Core/Src/stm32g4xx_it.c_save
2026-02-21 00:27:36,041 [INFO] CodeEngine:289 - Generated code: /home/mowibox/Documents/WorkspaceU/Git_folders/chromapi_motherboard/firmware/chromapi_stm32_core/Core/Src/stm32g4xx_it.c
2026-02-21 00:27:36,047 [INFO] CodeEngine:265 - oldGeneratedFile, /home/mowibox/Documents/WorkspaceU/Git_folders/chromapi_motherboard/firmware/chromapi_stm32_core/Core/Inc/stm32g4xx_it.h_save
2026-02-21 00:27:36,288 [INFO] CodeEngine:289 - Generated code: /home/mowibox/Documents/WorkspaceU/Git_folders/chromapi_motherboard/firmware/chromapi_stm32_core/Core/Inc/stm32g4xx_it.h
2026-02-21 00:27:36,295 [INFO] CodeEngine:265 - oldGeneratedFile, /home/mowibox/Documents/WorkspaceU/Git_folders/chromapi_motherboard/firmware/chromapi_stm32_core/Core/Src/stm32g4xx_hal_msp.c_save
2026-02-21 00:27:36,564 [INFO] CodeEngine:289 - Generated code: /home/mowibox/Documents/WorkspaceU/Git_folders/chromapi_motherboard/firmware/chromapi_stm32_core/Core/Src/stm32g4xx_hal_msp.c
2026-02-21 00:27:36,572 [INFO] CodeEngine:265 - oldGeneratedFile, /home/mowibox/Documents/WorkspaceU/Git_folders/chromapi_motherboard/firmware/chromapi_stm32_core/MXTmpFiles/system.tmp_save
2026-02-21 00:27:36,732 [INFO] CodeEngine:289 - Generated code: /home/mowibox/Documents/WorkspaceU/Git_folders/chromapi_motherboard/firmware/chromapi_stm32_core/MXTmpFiles/system.tmp
2026-02-21 00:27:36,740 [INFO] CodeEngine:321 - oldGeneratedFile, /home/mowibox/Documents/WorkspaceU/Git_folders/chromapi_motherboard/firmware/chromapi_stm32_core/Core/Inc/stm32g4xx_hal_conf.h_save
2026-02-21 00:27:36,859 [INFO] CodeEngine:345 - Generated code: /home/mowibox/Documents/WorkspaceU/Git_folders/chromapi_motherboard/firmware/chromapi_stm32_core/Core/Inc/stm32g4xx_hal_conf.h
2026-02-21 00:27:36,891 [WARN] IPConfigManager:3238 - Warning: the RefConfig RCC_CommonPeriphClockConfig is not available in your config.xml file
2026-02-21 00:27:36,908 [INFO] ApiDbMcu:532 - Load IP Config File for ADC1
2026-02-21 00:27:36,913 [INFO] ApiDbMcu:532 - Load IP Config File for RCC
2026-02-21 00:27:36,921 [INFO] CodeEngine:265 - oldGeneratedFile, /home/mowibox/Documents/WorkspaceU/Git_folders/chromapi_motherboard/firmware/chromapi_stm32_core/Core/Inc/main.h_save
2026-02-21 00:27:37,113 [INFO] CodeEngine:289 - Generated code: /home/mowibox/Documents/WorkspaceU/Git_folders/chromapi_motherboard/firmware/chromapi_stm32_core/Core/Inc/main.h
2026-02-21 00:27:37,121 [INFO] CodeEngine:265 - oldGeneratedFile, /home/mowibox/Documents/WorkspaceU/Git_folders/chromapi_motherboard/firmware/chromapi_stm32_core/Core/Src/main.c_save
2026-02-21 00:27:37,489 [INFO] CodeEngine:289 - Generated code: /home/mowibox/Documents/WorkspaceU/Git_folders/chromapi_motherboard/firmware/chromapi_stm32_core/Core/Src/main.c
2026-02-21 00:27:37,924 [INFO] ProjectBuilder:3606 - Time for Copy HAL[1] : 72mS.
2026-02-21 00:27:37,932 [INFO] ProjectBuilder:5216 - Project Generator version: 4.7.0-B52
2026-02-21 00:27:38,263 [INFO] ConfigFileManager:1595 - The Die is : DIE468
2026-02-21 00:27:38,280 [INFO] ApiDbMcu:532 - Load IP Config File for FATFS
2026-02-21 00:27:38,297 [INFO] ApiDbMcu:532 - Load IP Config File for FREERTOS
2026-02-21 00:27:38,320 [INFO] ApiDbMcu:532 - Load IP Config File for USBPD
2026-02-21 00:27:38,349 [INFO] ApiDbMcu:532 - Load IP Config File for USB_DEVICE
2026-02-21 00:27:41,237 [INFO] ProjectBuilder:5496 - Time for Generating toolchain IDE Files: 3304mS.
2026-02-21 00:27:41,238 [INFO] ProjectBuilder:3463 - Time for Copy CMSIS : 1mS.
2026-02-21 00:27:41,241 [INFO] ProjectBuilder:3463 - Time for Copy CMSIS : 1mS.
