2026-05-10 00:00:37,220 [INFO] I2cTimingTraitement:330 - 0x00503D58
2026-05-10 00:00:37,315 [ERROR] LogOutputStream:75 - [STDERR_REDIRECT] [Fatal Error] :1:1: Premature end of file.
2026-05-10 00:00:37,317 [ERROR] LogOutputStream:75 - [STDERR_REDIRECT] 
2026-05-10 00:00:38,317 [ERROR] LogOutputStream:75 - [STDERR_REDIRECT] [Fatal Error] :1:1: Premature end of file.
2026-05-10 00:00:38,319 [ERROR] LogOutputStream:75 - [STDERR_REDIRECT] 
2026-05-10 00:00:39,327 [ERROR] LogOutputStream:75 - [STDERR_REDIRECT] [Fatal Error] :1:1: Premature end of file.
2026-05-10 00:00:39,329 [ERROR] LogOutputStream:75 - [STDERR_REDIRECT] 
2026-05-10 00:00:40,307 [ERROR] LogOutputStream:75 - [STDERR_REDIRECT] [Fatal Error] :1:1: Premature end of file.
2026-05-10 00:00:40,307 [ERROR] LogOutputStream:75 - [STDERR_REDIRECT] 
2026-05-10 00:00:41,338 [ERROR] LogOutputStream:75 - [STDERR_REDIRECT] [Fatal Error] :1:1: Premature end of file.
2026-05-10 00:00:41,338 [ERROR] LogOutputStream:75 - [STDERR_REDIRECT] 
2026-05-10 00:00:42,292 [ERROR] LogOutputStream:75 - [STDERR_REDIRECT] [Fatal Error] :1:1: Premature end of file.
2026-05-10 00:00:42,293 [ERROR] LogOutputStream:75 - [STDERR_REDIRECT] 
2026-05-10 00:00:43,295 [ERROR] LogOutputStream:75 - [STDERR_REDIRECT] [Fatal Error] :1:1: Premature end of file.
2026-05-10 00:00:43,295 [ERROR] LogOutputStream:75 - [STDERR_REDIRECT] 
2026-05-10 00:00:44,313 [ERROR] LogOutputStream:75 - [STDERR_REDIRECT] [Fatal Error] :1:1: Premature end of file.
2026-05-10 00:00:44,314 [ERROR] LogOutputStream:75 - [STDERR_REDIRECT] 
2026-05-10 00:00:45,346 [ERROR] LogOutputStream:75 - [STDERR_REDIRECT] [Fatal Error] :1:1: Premature end of file.
2026-05-10 00:00:45,346 [ERROR] LogOutputStream:75 - [STDERR_REDIRECT] 
2026-05-10 00:00:46,299 [ERROR] LogOutputStream:75 - [STDERR_REDIRECT] [Fatal Error] :1:1: Premature end of file.
2026-05-10 00:00:46,299 [ERROR] LogOutputStream:75 - [STDERR_REDIRECT] 
2026-05-10 00:00:47,297 [ERROR] LogOutputStream:75 - [STDERR_REDIRECT] [Fatal Error] :1:1: Premature end of file.
2026-05-10 00:00:47,297 [ERROR] LogOutputStream:75 - [STDERR_REDIRECT] 
2026-05-10 00:00:48,311 [ERROR] LogOutputStream:75 - [STDERR_REDIRECT] [Fatal Error] :1:1: Premature end of file.
2026-05-10 00:00:48,311 [ERROR] LogOutputStream:75 - [STDERR_REDIRECT] 
2026-05-10 00:00:49,307 [ERROR] LogOutputStream:75 - [STDERR_REDIRECT] [Fatal Error] :1:1: Premature end of file.
2026-05-10 00:00:49,307 [ERROR] LogOutputStream:75 - [STDERR_REDIRECT] 
2026-05-10 00:00:50,365 [ERROR] LogOutputStream:75 - [STDERR_REDIRECT] [Fatal Error] :1:1: Premature end of file.
2026-05-10 00:00:50,365 [ERROR] LogOutputStream:75 - [STDERR_REDIRECT] 
2026-05-10 00:00:51,312 [ERROR] LogOutputStream:75 - [STDERR_REDIRECT] [Fatal Error] :1:1: Premature end of file.
2026-05-10 00:00:51,312 [ERROR] LogOutputStream:75 - [STDERR_REDIRECT] 
2026-05-10 00:00:52,326 [ERROR] LogOutputStream:75 - [STDERR_REDIRECT] [Fatal Error] :1:1: Premature end of file.
2026-05-10 00:00:52,326 [ERROR] LogOutputStream:75 - [STDERR_REDIRECT] 
2026-05-10 00:00:53,325 [ERROR] LogOutputStream:75 - [STDERR_REDIRECT] [Fatal Error] :1:1: Premature end of file.
2026-05-10 00:00:53,326 [ERROR] LogOutputStream:75 - [STDERR_REDIRECT] 
2026-05-10 00:00:54,317 [ERROR] LogOutputStream:75 - [STDERR_REDIRECT] [Fatal Error] :1:1: Premature end of file.
2026-05-10 00:00:54,320 [ERROR] LogOutputStream:75 - [STDERR_REDIRECT] 
2026-05-10 00:00:54,407 [INFO] I2cTimingTraitement:330 - 0x00300617
2026-05-10 00:00:54,992 [INFO] I2cTimingTraitement:330 - 0x00300617
2026-05-10 00:00:55,319 [ERROR] LogOutputStream:75 - [STDERR_REDIRECT] [Fatal Error] :1:1: Premature end of file.
2026-05-10 00:00:55,320 [ERROR] LogOutputStream:75 - [STDERR_REDIRECT] 
2026-05-10 00:00:56,346 [ERROR] LogOutputStream:75 - [STDERR_REDIRECT] [Fatal Error] :1:1: Premature end of file.
2026-05-10 00:00:56,346 [ERROR] LogOutputStream:75 - [STDERR_REDIRECT] 
2026-05-10 00:00:57,308 [ERROR] LogOutputStream:75 - [STDERR_REDIRECT] [Fatal Error] :1:1: Premature end of file.
2026-05-10 00:00:57,309 [ERROR] LogOutputStream:75 - [STDERR_REDIRECT] 
2026-05-10 00:00:58,312 [ERROR] LogOutputStream:75 - [STDERR_REDIRECT] [Fatal Error] :1:1: Premature end of file.
2026-05-10 00:00:58,313 [ERROR] LogOutputStream:75 - [STDERR_REDIRECT] 
2026-05-10 00:00:59,359 [ERROR] LogOutputStream:75 - [STDERR_REDIRECT] [Fatal Error] :1:1: Premature end of file.
2026-05-10 00:00:59,360 [ERROR] LogOutputStream:75 - [STDERR_REDIRECT] 
2026-05-10 00:01:00,336 [ERROR] LogOutputStream:75 - [STDERR_REDIRECT] [Fatal Error] :1:1: Premature end of file.
2026-05-10 00:01:00,336 [ERROR] LogOutputStream:75 - [STDERR_REDIRECT] 
2026-05-10 00:01:01,333 [ERROR] LogOutputStream:75 - [STDERR_REDIRECT] [Fatal Error] :1:1: Premature end of file.
2026-05-10 00:01:01,333 [ERROR] LogOutputStream:75 - [STDERR_REDIRECT] 
2026-05-10 00:01:02,283 [ERROR] LogOutputStream:75 - [STDERR_REDIRECT] [Fatal Error] :1:1: Premature end of file.
2026-05-10 00:01:02,283 [ERROR] LogOutputStream:75 - [STDERR_REDIRECT] 
2026-05-10 00:01:03,306 [ERROR] LogOutputStream:75 - [STDERR_REDIRECT] [Fatal Error] :1:1: Premature end of file.
2026-05-10 00:01:03,307 [ERROR] LogOutputStream:75 - [STDERR_REDIRECT] 
2026-05-10 00:01:04,314 [ERROR] LogOutputStream:75 - [STDERR_REDIRECT] [Fatal Error] :1:1: Premature end of file.
2026-05-10 00:01:04,315 [ERROR] LogOutputStream:75 - [STDERR_REDIRECT] 
2026-05-10 00:01:05,322 [ERROR] LogOutputStream:75 - [STDERR_REDIRECT] [Fatal Error] :1:1: Premature end of file.
2026-05-10 00:01:05,323 [ERROR] LogOutputStream:75 - [STDERR_REDIRECT] 
2026-05-10 00:01:06,292 [ERROR] LogOutputStream:75 - [STDERR_REDIRECT] [Fatal Error] :1:1: Premature end of file.
2026-05-10 00:01:06,292 [ERROR] LogOutputStream:75 - [STDERR_REDIRECT] 
2026-05-10 00:01:07,309 [ERROR] LogOutputStream:75 - [STDERR_REDIRECT] [Fatal Error] :1:1: Premature end of file.
2026-05-10 00:01:07,309 [ERROR] LogOutputStream:75 - [STDERR_REDIRECT] 
2026-05-10 00:01:08,312 [ERROR] LogOutputStream:75 - [STDERR_REDIRECT] [Fatal Error] :1:1: Premature end of file.
2026-05-10 00:01:08,313 [ERROR] LogOutputStream:75 - [STDERR_REDIRECT] 
2026-05-10 00:01:09,299 [ERROR] LogOutputStream:75 - [STDERR_REDIRECT] [Fatal Error] :1:1: Premature end of file.
2026-05-10 00:01:09,299 [ERROR] LogOutputStream:75 - [STDERR_REDIRECT] 
2026-05-10 00:01:10,348 [ERROR] LogOutputStream:75 - [STDERR_REDIRECT] [Fatal Error] :1:1: Premature end of file.
2026-05-10 00:01:10,348 [ERROR] LogOutputStream:75 - [STDERR_REDIRECT] 
2026-05-10 00:01:11,348 [ERROR] LogOutputStream:75 - [STDERR_REDIRECT] [Fatal Error] :1:1: Premature end of file.
2026-05-10 00:01:11,349 [ERROR] LogOutputStream:75 - [STDERR_REDIRECT] 
2026-05-10 00:01:12,347 [ERROR] LogOutputStream:75 - [STDERR_REDIRECT] [Fatal Error] :1:1: Premature end of file.
2026-05-10 00:01:12,347 [ERROR] LogOutputStream:75 - [STDERR_REDIRECT] 
2026-05-10 00:01:13,371 [ERROR] LogOutputStream:75 - [STDERR_REDIRECT] [Fatal Error] :1:1: Premature end of file.
2026-05-10 00:01:13,371 [ERROR] LogOutputStream:75 - [STDERR_REDIRECT] 
2026-05-10 00:01:14,294 [ERROR] LogOutputStream:75 - [STDERR_REDIRECT] [Fatal Error] :1:1: Premature end of file.
2026-05-10 00:01:14,295 [ERROR] LogOutputStream:75 - [STDERR_REDIRECT] 
2026-05-10 00:01:15,314 [ERROR] LogOutputStream:75 - [STDERR_REDIRECT] [Fatal Error] :1:1: Premature end of file.
2026-05-10 00:01:15,315 [ERROR] LogOutputStream:75 - [STDERR_REDIRECT] 
2026-05-10 00:01:16,309 [ERROR] LogOutputStream:75 - [STDERR_REDIRECT] [Fatal Error] :1:1: Premature end of file.
2026-05-10 00:01:16,310 [ERROR] LogOutputStream:75 - [STDERR_REDIRECT] 
2026-05-10 00:01:17,300 [ERROR] LogOutputStream:75 - [STDERR_REDIRECT] [Fatal Error] :1:1: Premature end of file.
2026-05-10 00:01:17,301 [ERROR] LogOutputStream:75 - [STDERR_REDIRECT] 
2026-05-10 00:01:18,306 [ERROR] LogOutputStream:75 - [STDERR_REDIRECT] [Fatal Error] :1:1: Premature end of file.
2026-05-10 00:01:18,307 [ERROR] LogOutputStream:75 - [STDERR_REDIRECT] 
2026-05-10 00:01:19,315 [ERROR] LogOutputStream:75 - [STDERR_REDIRECT] [Fatal Error] :1:1: Premature end of file.
2026-05-10 00:01:19,316 [ERROR] LogOutputStream:75 - [STDERR_REDIRECT] 
2026-05-10 00:01:20,333 [ERROR] LogOutputStream:75 - [STDERR_REDIRECT] [Fatal Error] :1:1: Premature end of file.
2026-05-10 00:01:20,333 [ERROR] LogOutputStream:75 - [STDERR_REDIRECT] 
2026-05-10 00:01:21,328 [ERROR] LogOutputStream:75 - [STDERR_REDIRECT] [Fatal Error] :1:1: Premature end of file.
2026-05-10 00:01:21,328 [ERROR] LogOutputStream:75 - [STDERR_REDIRECT] 
2026-05-10 00:01:22,313 [ERROR] LogOutputStream:75 - [STDERR_REDIRECT] [Fatal Error] :1:1: Premature end of file.
2026-05-10 00:01:22,313 [ERROR] LogOutputStream:75 - [STDERR_REDIRECT] 
2026-05-10 00:01:23,343 [ERROR] LogOutputStream:75 - [STDERR_REDIRECT] [Fatal Error] :1:1: Premature end of file.
2026-05-10 00:01:23,344 [ERROR] LogOutputStream:75 - [STDERR_REDIRECT] 
2026-05-10 00:01:24,299 [ERROR] LogOutputStream:75 - [STDERR_REDIRECT] [Fatal Error] :1:1: Premature end of file.
2026-05-10 00:01:24,299 [ERROR] LogOutputStream:75 - [STDERR_REDIRECT] 
2026-05-10 00:01:25,277 [ERROR] LogOutputStream:75 - [STDERR_REDIRECT] [Fatal Error] :1:1: Premature end of file.
2026-05-10 00:01:25,277 [ERROR] LogOutputStream:75 - [STDERR_REDIRECT] 
2026-05-10 00:01:26,304 [ERROR] LogOutputStream:75 - [STDERR_REDIRECT] [Fatal Error] :1:1: Premature end of file.
2026-05-10 00:01:26,304 [ERROR] LogOutputStream:75 - [STDERR_REDIRECT] 
2026-05-10 00:01:26,943 [INFO] NvicIntPanel:101 - NVIC parent = com.st.microxplorer.plugins.ip.nvic.MultiNvicIntPanel[,0,0,0x0,invalid,layout=javax.swing.BoxLayout,alignmentX=0.0,alignmentY=0.0,border=,flags=9,maximumSize=,minimumSize=,preferredSize=]
2026-05-10 00:01:27,349 [ERROR] LogOutputStream:75 - [STDERR_REDIRECT] [Fatal Error] :1:1: Premature end of file.
2026-05-10 00:01:27,349 [ERROR] LogOutputStream:75 - [STDERR_REDIRECT] 
2026-05-10 00:01:27,479 [INFO] I2cTimingTraitement:330 - 0x00300619
2026-05-10 00:01:27,823 [INFO] NvicIntPanel:101 - NVIC parent = com.st.microxplorer.plugins.ip.nvic.MultiNvicIntPanel[,0,0,0x0,invalid,layout=javax.swing.BoxLayout,alignmentX=0.0,alignmentY=0.0,border=,flags=9,maximumSize=,minimumSize=,preferredSize=]
2026-05-10 00:01:28,328 [ERROR] LogOutputStream:75 - [STDERR_REDIRECT] [Fatal Error] :1:1: Premature end of file.
2026-05-10 00:01:28,330 [ERROR] LogOutputStream:75 - [STDERR_REDIRECT] 
2026-05-10 00:01:29,324 [ERROR] LogOutputStream:75 - [STDERR_REDIRECT] [Fatal Error] :1:1: Premature end of file.
2026-05-10 00:01:29,325 [ERROR] LogOutputStream:75 - [STDERR_REDIRECT] 
2026-05-10 00:01:30,344 [ERROR] LogOutputStream:75 - [STDERR_REDIRECT] [Fatal Error] :1:1: Premature end of file.
2026-05-10 00:01:30,344 [ERROR] LogOutputStream:75 - [STDERR_REDIRECT] 
2026-05-10 00:01:31,348 [ERROR] LogOutputStream:75 - [STDERR_REDIRECT] [Fatal Error] :1:1: Premature end of file.
2026-05-10 00:01:31,348 [ERROR] LogOutputStream:75 - [STDERR_REDIRECT] 
2026-05-10 00:01:32,312 [ERROR] LogOutputStream:75 - [STDERR_REDIRECT] [Fatal Error] :1:1: Premature end of file.
2026-05-10 00:01:32,312 [ERROR] LogOutputStream:75 - [STDERR_REDIRECT] 
2026-05-10 00:01:33,318 [ERROR] LogOutputStream:75 - [STDERR_REDIRECT] [Fatal Error] :1:1: Premature end of file.
2026-05-10 00:01:33,319 [ERROR] LogOutputStream:75 - [STDERR_REDIRECT] 
2026-05-10 00:01:34,332 [ERROR] LogOutputStream:75 - [STDERR_REDIRECT] [Fatal Error] :1:1: Premature end of file.
2026-05-10 00:01:34,332 [ERROR] LogOutputStream:75 - [STDERR_REDIRECT] 
2026-05-10 00:01:35,321 [ERROR] LogOutputStream:75 - [STDERR_REDIRECT] [Fatal Error] :1:1: Premature end of file.
2026-05-10 00:01:35,321 [ERROR] LogOutputStream:75 - [STDERR_REDIRECT] 
2026-05-10 00:01:36,321 [ERROR] LogOutputStream:75 - [STDERR_REDIRECT] [Fatal Error] :1:1: Premature end of file.
2026-05-10 00:01:36,321 [ERROR] LogOutputStream:75 - [STDERR_REDIRECT] 
2026-05-10 00:01:37,324 [ERROR] LogOutputStream:75 - [STDERR_REDIRECT] [Fatal Error] :1:1: Premature end of file.
2026-05-10 00:01:37,324 [ERROR] LogOutputStream:75 - [STDERR_REDIRECT] 
2026-05-10 00:01:38,320 [ERROR] LogOutputStream:75 - [STDERR_REDIRECT] [Fatal Error] :1:1: Premature end of file.
2026-05-10 00:01:38,321 [ERROR] LogOutputStream:75 - [STDERR_REDIRECT] 
2026-05-10 00:01:39,318 [ERROR] LogOutputStream:75 - [STDERR_REDIRECT] [Fatal Error] :1:1: Premature end of file.
2026-05-10 00:01:39,318 [ERROR] LogOutputStream:75 - [STDERR_REDIRECT] 
2026-05-10 00:01:40,338 [ERROR] LogOutputStream:75 - [STDERR_REDIRECT] [Fatal Error] :1:1: Premature end of file.
2026-05-10 00:01:40,338 [ERROR] LogOutputStream:75 - [STDERR_REDIRECT] 
2026-05-10 00:01:41,299 [ERROR] LogOutputStream:75 - [STDERR_REDIRECT] [Fatal Error] :1:1: Premature end of file.
2026-05-10 00:01:41,300 [ERROR] LogOutputStream:75 - [STDERR_REDIRECT] 
2026-05-10 00:01:42,400 [ERROR] LogOutputStream:75 - [STDERR_REDIRECT] [Fatal Error] :1:1: Premature end of file.
2026-05-10 00:01:42,400 [ERROR] LogOutputStream:75 - [STDERR_REDIRECT] 
2026-05-10 00:01:43,297 [ERROR] LogOutputStream:75 - [STDERR_REDIRECT] [Fatal Error] :1:1: Premature end of file.
2026-05-10 00:01:43,298 [ERROR] LogOutputStream:75 - [STDERR_REDIRECT] 
2026-05-10 00:01:44,323 [ERROR] LogOutputStream:75 - [STDERR_REDIRECT] [Fatal Error] :1:1: Premature end of file.
2026-05-10 00:01:44,324 [ERROR] LogOutputStream:75 - [STDERR_REDIRECT] 
2026-05-10 00:01:45,308 [ERROR] LogOutputStream:75 - [STDERR_REDIRECT] [Fatal Error] :1:1: Premature end of file.
2026-05-10 00:01:45,309 [ERROR] LogOutputStream:75 - [STDERR_REDIRECT] 
2026-05-10 00:01:46,327 [ERROR] LogOutputStream:75 - [STDERR_REDIRECT] [Fatal Error] :1:1: Premature end of file.
2026-05-10 00:01:46,327 [ERROR] LogOutputStream:75 - [STDERR_REDIRECT] 
2026-05-10 00:01:47,310 [ERROR] LogOutputStream:75 - [STDERR_REDIRECT] [Fatal Error] :1:1: Premature end of file.
2026-05-10 00:01:47,311 [ERROR] LogOutputStream:75 - [STDERR_REDIRECT] 
2026-05-10 00:01:48,347 [ERROR] LogOutputStream:75 - [STDERR_REDIRECT] [Fatal Error] :1:1: Premature end of file.
2026-05-10 00:01:48,347 [ERROR] LogOutputStream:75 - [STDERR_REDIRECT] 
2026-05-10 00:01:49,306 [ERROR] LogOutputStream:75 - [STDERR_REDIRECT] [Fatal Error] :1:1: Premature end of file.
2026-05-10 00:01:49,306 [ERROR] LogOutputStream:75 - [STDERR_REDIRECT] 
2026-05-10 00:01:50,312 [ERROR] LogOutputStream:75 - [STDERR_REDIRECT] [Fatal Error] :1:1: Premature end of file.
2026-05-10 00:01:50,313 [ERROR] LogOutputStream:75 - [STDERR_REDIRECT] 
2026-05-10 00:01:51,310 [ERROR] LogOutputStream:75 - [STDERR_REDIRECT] [Fatal Error] :1:1: Premature end of file.
2026-05-10 00:01:51,310 [ERROR] LogOutputStream:75 - [STDERR_REDIRECT] 
2026-05-10 00:01:52,313 [ERROR] LogOutputStream:75 - [STDERR_REDIRECT] [Fatal Error] :1:1: Premature end of file.
2026-05-10 00:01:52,313 [ERROR] LogOutputStream:75 - [STDERR_REDIRECT] 
2026-05-10 00:01:53,314 [ERROR] LogOutputStream:75 - [STDERR_REDIRECT] [Fatal Error] :1:1: Premature end of file.
2026-05-10 00:01:53,314 [ERROR] LogOutputStream:75 - [STDERR_REDIRECT] 
2026-05-10 00:01:54,324 [ERROR] LogOutputStream:75 - [STDERR_REDIRECT] [Fatal Error] :1:1: Premature end of file.
2026-05-10 00:01:54,324 [ERROR] LogOutputStream:75 - [STDERR_REDIRECT] 
2026-05-10 00:01:55,308 [ERROR] LogOutputStream:75 - [STDERR_REDIRECT] [Fatal Error] :1:1: Premature end of file.
2026-05-10 00:01:55,309 [ERROR] LogOutputStream:75 - [STDERR_REDIRECT] 
2026-05-10 00:01:56,305 [ERROR] LogOutputStream:75 - [STDERR_REDIRECT] [Fatal Error] :1:1: Premature end of file.
2026-05-10 00:01:56,305 [ERROR] LogOutputStream:75 - [STDERR_REDIRECT] 
2026-05-10 00:01:57,305 [ERROR] LogOutputStream:75 - [STDERR_REDIRECT] [Fatal Error] :1:1: Premature end of file.
2026-05-10 00:01:57,305 [ERROR] LogOutputStream:75 - [STDERR_REDIRECT] 
2026-05-10 00:01:58,316 [ERROR] LogOutputStream:75 - [STDERR_REDIRECT] [Fatal Error] :1:1: Premature end of file.
2026-05-10 00:01:58,316 [ERROR] LogOutputStream:75 - [STDERR_REDIRECT] 
2026-05-10 00:01:59,303 [ERROR] LogOutputStream:75 - [STDERR_REDIRECT] [Fatal Error] :1:1: Premature end of file.
2026-05-10 00:01:59,303 [ERROR] LogOutputStream:75 - [STDERR_REDIRECT] 
2026-05-10 00:02:00,323 [ERROR] LogOutputStream:75 - [STDERR_REDIRECT] [Fatal Error] :1:1: Premature end of file.
2026-05-10 00:02:00,324 [ERROR] LogOutputStream:75 - [STDERR_REDIRECT] 
2026-05-10 00:02:01,318 [ERROR] LogOutputStream:75 - [STDERR_REDIRECT] [Fatal Error] :1:1: Premature end of file.
2026-05-10 00:02:01,319 [ERROR] LogOutputStream:75 - [STDERR_REDIRECT] 
2026-05-10 00:02:02,327 [ERROR] LogOutputStream:75 - [STDERR_REDIRECT] [Fatal Error] :1:1: Premature end of file.
2026-05-10 00:02:02,327 [ERROR] LogOutputStream:75 - [STDERR_REDIRECT] 
2026-05-10 00:02:03,338 [ERROR] LogOutputStream:75 - [STDERR_REDIRECT] [Fatal Error] :1:1: Premature end of file.
2026-05-10 00:02:03,338 [ERROR] LogOutputStream:75 - [STDERR_REDIRECT] 
2026-05-10 00:02:04,322 [ERROR] LogOutputStream:75 - [STDERR_REDIRECT] [Fatal Error] :1:1: Premature end of file.
2026-05-10 00:02:04,322 [ERROR] LogOutputStream:75 - [STDERR_REDIRECT] 
2026-05-10 00:02:05,305 [ERROR] LogOutputStream:75 - [STDERR_REDIRECT] [Fatal Error] :1:1: Premature end of file.
2026-05-10 00:02:05,305 [ERROR] LogOutputStream:75 - [STDERR_REDIRECT] 
2026-05-10 00:02:06,320 [ERROR] LogOutputStream:75 - [STDERR_REDIRECT] [Fatal Error] :1:1: Premature end of file.
2026-05-10 00:02:06,320 [ERROR] LogOutputStream:75 - [STDERR_REDIRECT] 
2026-05-10 00:02:07,317 [ERROR] LogOutputStream:75 - [STDERR_REDIRECT] [Fatal Error] :1:1: Premature end of file.
2026-05-10 00:02:07,317 [ERROR] LogOutputStream:75 - [STDERR_REDIRECT] 
2026-05-10 00:02:08,328 [ERROR] LogOutputStream:75 - [STDERR_REDIRECT] [Fatal Error] :1:1: Premature end of file.
2026-05-10 00:02:08,329 [ERROR] LogOutputStream:75 - [STDERR_REDIRECT] 
2026-05-10 00:02:09,319 [ERROR] LogOutputStream:75 - [STDERR_REDIRECT] [Fatal Error] :1:1: Premature end of file.
2026-05-10 00:02:09,319 [ERROR] LogOutputStream:75 - [STDERR_REDIRECT] 
2026-05-10 00:02:10,316 [ERROR] LogOutputStream:75 - [STDERR_REDIRECT] [Fatal Error] :1:1: Premature end of file.
2026-05-10 00:02:10,316 [ERROR] LogOutputStream:75 - [STDERR_REDIRECT] 
2026-05-10 00:02:11,329 [ERROR] LogOutputStream:75 - [STDERR_REDIRECT] [Fatal Error] :1:1: Premature end of file.
2026-05-10 00:02:11,330 [ERROR] LogOutputStream:75 - [STDERR_REDIRECT] 
2026-05-10 00:02:12,315 [ERROR] LogOutputStream:75 - [STDERR_REDIRECT] [Fatal Error] :1:1: Premature end of file.
2026-05-10 00:02:12,315 [ERROR] LogOutputStream:75 - [STDERR_REDIRECT] 
2026-05-10 00:02:13,314 [ERROR] LogOutputStream:75 - [STDERR_REDIRECT] [Fatal Error] :1:1: Premature end of file.
2026-05-10 00:02:13,314 [ERROR] LogOutputStream:75 - [STDERR_REDIRECT] 
2026-05-10 00:02:14,306 [ERROR] LogOutputStream:75 - [STDERR_REDIRECT] [Fatal Error] :1:1: Premature end of file.
2026-05-10 00:02:14,307 [ERROR] LogOutputStream:75 - [STDERR_REDIRECT] 
2026-05-10 00:02:15,314 [ERROR] LogOutputStream:75 - [STDERR_REDIRECT] [Fatal Error] :1:1: Premature end of file.
2026-05-10 00:02:15,314 [ERROR] LogOutputStream:75 - [STDERR_REDIRECT] 
2026-05-10 00:02:16,310 [ERROR] LogOutputStream:75 - [STDERR_REDIRECT] [Fatal Error] :1:1: Premature end of file.
2026-05-10 00:02:16,311 [ERROR] LogOutputStream:75 - [STDERR_REDIRECT] 
2026-05-10 00:02:17,315 [ERROR] LogOutputStream:75 - [STDERR_REDIRECT] [Fatal Error] :1:1: Premature end of file.
2026-05-10 00:02:17,316 [ERROR] LogOutputStream:75 - [STDERR_REDIRECT] 
2026-05-10 00:02:18,321 [ERROR] LogOutputStream:75 - [STDERR_REDIRECT] [Fatal Error] :1:1: Premature end of file.
2026-05-10 00:02:18,321 [ERROR] LogOutputStream:75 - [STDERR_REDIRECT] 
2026-05-10 00:02:19,303 [ERROR] LogOutputStream:75 - [STDERR_REDIRECT] [Fatal Error] :1:1: Premature end of file.
2026-05-10 00:02:19,304 [ERROR] LogOutputStream:75 - [STDERR_REDIRECT] 
2026-05-10 00:02:20,317 [ERROR] LogOutputStream:75 - [STDERR_REDIRECT] [Fatal Error] :1:1: Premature end of file.
2026-05-10 00:02:20,318 [ERROR] LogOutputStream:75 - [STDERR_REDIRECT] 
2026-05-10 00:02:21,335 [ERROR] LogOutputStream:75 - [STDERR_REDIRECT] [Fatal Error] :1:1: Premature end of file.
2026-05-10 00:02:21,336 [ERROR] LogOutputStream:75 - [STDERR_REDIRECT] 
2026-05-10 00:02:22,306 [ERROR] LogOutputStream:75 - [STDERR_REDIRECT] [Fatal Error] :1:1: Premature end of file.
2026-05-10 00:02:22,307 [ERROR] LogOutputStream:75 - [STDERR_REDIRECT] 
2026-05-10 00:02:23,359 [ERROR] LogOutputStream:75 - [STDERR_REDIRECT] [Fatal Error] :1:1: Premature end of file.
2026-05-10 00:02:23,360 [ERROR] LogOutputStream:75 - [STDERR_REDIRECT] 
2026-05-10 00:02:24,308 [ERROR] LogOutputStream:75 - [STDERR_REDIRECT] [Fatal Error] :1:1: Premature end of file.
2026-05-10 00:02:24,308 [ERROR] LogOutputStream:75 - [STDERR_REDIRECT] 
2026-05-10 00:02:25,344 [ERROR] LogOutputStream:75 - [STDERR_REDIRECT] [Fatal Error] :1:1: Premature end of file.
2026-05-10 00:02:25,344 [ERROR] LogOutputStream:75 - [STDERR_REDIRECT] 
2026-05-10 00:02:26,301 [ERROR] LogOutputStream:75 - [STDERR_REDIRECT] [Fatal Error] :1:1: Premature end of file.
2026-05-10 00:02:26,302 [ERROR] LogOutputStream:75 - [STDERR_REDIRECT] 
2026-05-10 00:02:27,294 [ERROR] LogOutputStream:75 - [STDERR_REDIRECT] [Fatal Error] :1:1: Premature end of file.
2026-05-10 00:02:27,295 [ERROR] LogOutputStream:75 - [STDERR_REDIRECT] 
2026-05-10 00:02:28,329 [ERROR] LogOutputStream:75 - [STDERR_REDIRECT] [Fatal Error] :1:1: Premature end of file.
2026-05-10 00:02:28,329 [ERROR] LogOutputStream:75 - [STDERR_REDIRECT] 
2026-05-10 00:02:29,312 [ERROR] LogOutputStream:75 - [STDERR_REDIRECT] [Fatal Error] :1:1: Premature end of file.
2026-05-10 00:02:29,312 [ERROR] LogOutputStream:75 - [STDERR_REDIRECT] 
2026-05-10 00:02:30,299 [ERROR] LogOutputStream:75 - [STDERR_REDIRECT] [Fatal Error] :1:1: Premature end of file.
2026-05-10 00:02:30,299 [ERROR] LogOutputStream:75 - [STDERR_REDIRECT] 
2026-05-10 00:02:31,509 [ERROR] LogOutputStream:75 - [STDERR_REDIRECT] [Fatal Error] :1:1: Premature end of file.
2026-05-10 00:02:31,510 [ERROR] LogOutputStream:75 - [STDERR_REDIRECT] 
2026-05-10 00:02:32,319 [ERROR] LogOutputStream:75 - [STDERR_REDIRECT] [Fatal Error] :1:1: Premature end of file.
2026-05-10 00:02:32,319 [ERROR] LogOutputStream:75 - [STDERR_REDIRECT] 
2026-05-10 00:02:33,369 [ERROR] LogOutputStream:75 - [STDERR_REDIRECT] [Fatal Error] :1:1: Premature end of file.
2026-05-10 00:02:33,370 [ERROR] LogOutputStream:75 - [STDERR_REDIRECT] 
2026-05-10 00:02:34,375 [ERROR] LogOutputStream:75 - [STDERR_REDIRECT] [Fatal Error] :1:1: Premature end of file.
2026-05-10 00:02:34,375 [ERROR] LogOutputStream:75 - [STDERR_REDIRECT] 
2026-05-10 00:02:35,295 [ERROR] LogOutputStream:75 - [STDERR_REDIRECT] [Fatal Error] :1:1: Premature end of file.
2026-05-10 00:02:35,295 [ERROR] LogOutputStream:75 - [STDERR_REDIRECT] 
2026-05-10 00:02:36,305 [ERROR] LogOutputStream:75 - [STDERR_REDIRECT] [Fatal Error] :1:1: Premature end of file.
2026-05-10 00:02:36,305 [ERROR] LogOutputStream:75 - [STDERR_REDIRECT] 
2026-05-10 00:02:37,329 [ERROR] LogOutputStream:75 - [STDERR_REDIRECT] [Fatal Error] :1:1: Premature end of file.
2026-05-10 00:02:37,330 [ERROR] LogOutputStream:75 - [STDERR_REDIRECT] 
2026-05-10 00:02:38,311 [ERROR] LogOutputStream:75 - [STDERR_REDIRECT] [Fatal Error] :1:1: Premature end of file.
2026-05-10 00:02:38,312 [ERROR] LogOutputStream:75 - [STDERR_REDIRECT] 
2026-05-10 00:02:39,315 [ERROR] LogOutputStream:75 - [STDERR_REDIRECT] [Fatal Error] :1:1: Premature end of file.
2026-05-10 00:02:39,316 [ERROR] LogOutputStream:75 - [STDERR_REDIRECT] 
2026-05-10 00:02:40,309 [ERROR] LogOutputStream:75 - [STDERR_REDIRECT] [Fatal Error] :1:1: Premature end of file.
2026-05-10 00:02:40,309 [ERROR] LogOutputStream:75 - [STDERR_REDIRECT] 
2026-05-10 00:02:41,288 [ERROR] LogOutputStream:75 - [STDERR_REDIRECT] [Fatal Error] :1:1: Premature end of file.
2026-05-10 00:02:41,289 [ERROR] LogOutputStream:75 - [STDERR_REDIRECT] 
2026-05-10 00:02:42,298 [ERROR] LogOutputStream:75 - [STDERR_REDIRECT] [Fatal Error] :1:1: Premature end of file.
2026-05-10 00:02:42,298 [ERROR] LogOutputStream:75 - [STDERR_REDIRECT] 
2026-05-10 00:02:43,340 [ERROR] LogOutputStream:75 - [STDERR_REDIRECT] [Fatal Error] :1:1: Premature end of file.
2026-05-10 00:02:43,341 [ERROR] LogOutputStream:75 - [STDERR_REDIRECT] 
2026-05-10 00:02:44,397 [ERROR] LogOutputStream:75 - [STDERR_REDIRECT] [Fatal Error] :1:1: Premature end of file.
2026-05-10 00:02:44,398 [ERROR] LogOutputStream:75 - [STDERR_REDIRECT] 
2026-05-10 00:02:45,380 [ERROR] LogOutputStream:75 - [STDERR_REDIRECT] [Fatal Error] :1:1: Premature end of file.
2026-05-10 00:02:45,380 [ERROR] LogOutputStream:75 - [STDERR_REDIRECT] 
2026-05-10 00:02:46,328 [ERROR] LogOutputStream:75 - [STDERR_REDIRECT] [Fatal Error] :1:1: Premature end of file.
2026-05-10 00:02:46,329 [ERROR] LogOutputStream:75 - [STDERR_REDIRECT] 
2026-05-10 00:02:47,323 [ERROR] LogOutputStream:75 - [STDERR_REDIRECT] [Fatal Error] :1:1: Premature end of file.
2026-05-10 00:02:47,324 [ERROR] LogOutputStream:75 - [STDERR_REDIRECT] 
2026-05-10 00:02:48,304 [ERROR] LogOutputStream:75 - [STDERR_REDIRECT] [Fatal Error] :1:1: Premature end of file.
2026-05-10 00:02:48,305 [ERROR] LogOutputStream:75 - [STDERR_REDIRECT] 
2026-05-10 00:02:49,290 [ERROR] LogOutputStream:75 - [STDERR_REDIRECT] [Fatal Error] :1:1: Premature end of file.
2026-05-10 00:02:49,291 [ERROR] LogOutputStream:75 - [STDERR_REDIRECT] 
2026-05-10 00:02:50,326 [ERROR] LogOutputStream:75 - [STDERR_REDIRECT] [Fatal Error] :1:1: Premature end of file.
2026-05-10 00:02:50,326 [ERROR] LogOutputStream:75 - [STDERR_REDIRECT] 
2026-05-10 00:02:51,308 [ERROR] LogOutputStream:75 - [STDERR_REDIRECT] [Fatal Error] :1:1: Premature end of file.
2026-05-10 00:02:51,308 [ERROR] LogOutputStream:75 - [STDERR_REDIRECT] 
2026-05-10 00:02:52,293 [ERROR] LogOutputStream:75 - [STDERR_REDIRECT] [Fatal Error] :1:1: Premature end of file.
2026-05-10 00:02:52,293 [ERROR] LogOutputStream:75 - [STDERR_REDIRECT] 
2026-05-10 00:02:53,347 [ERROR] LogOutputStream:75 - [STDERR_REDIRECT] [Fatal Error] :1:1: Premature end of file.
2026-05-10 00:02:53,348 [ERROR] LogOutputStream:75 - [STDERR_REDIRECT] 
2026-05-10 00:02:54,371 [ERROR] LogOutputStream:75 - [STDERR_REDIRECT] [Fatal Error] :1:1: Premature end of file.
2026-05-10 00:02:54,372 [ERROR] LogOutputStream:75 - [STDERR_REDIRECT] 
2026-05-10 00:02:55,378 [ERROR] LogOutputStream:75 - [STDERR_REDIRECT] [Fatal Error] :1:1: Premature end of file.
2026-05-10 00:02:55,378 [ERROR] LogOutputStream:75 - [STDERR_REDIRECT] 
2026-05-10 00:02:56,328 [ERROR] LogOutputStream:75 - [STDERR_REDIRECT] [Fatal Error] :1:1: Premature end of file.
2026-05-10 00:02:56,329 [ERROR] LogOutputStream:75 - [STDERR_REDIRECT] 
2026-05-10 00:02:57,315 [ERROR] LogOutputStream:75 - [STDERR_REDIRECT] [Fatal Error] :1:1: Premature end of file.
2026-05-10 00:02:57,315 [ERROR] LogOutputStream:75 - [STDERR_REDIRECT] 
2026-05-10 00:02:58,323 [ERROR] LogOutputStream:75 - [STDERR_REDIRECT] [Fatal Error] :1:1: Premature end of file.
2026-05-10 00:02:58,324 [ERROR] LogOutputStream:75 - [STDERR_REDIRECT] 
2026-05-10 00:02:59,292 [ERROR] LogOutputStream:75 - [STDERR_REDIRECT] [Fatal Error] :1:1: Premature end of file.
2026-05-10 00:02:59,292 [ERROR] LogOutputStream:75 - [STDERR_REDIRECT] 
2026-05-10 00:03:00,342 [ERROR] LogOutputStream:75 - [STDERR_REDIRECT] [Fatal Error] :1:1: Premature end of file.
2026-05-10 00:03:00,342 [ERROR] LogOutputStream:75 - [STDERR_REDIRECT] 
2026-05-10 00:03:01,343 [ERROR] LogOutputStream:75 - [STDERR_REDIRECT] [Fatal Error] :1:1: Premature end of file.
2026-05-10 00:03:01,343 [ERROR] LogOutputStream:75 - [STDERR_REDIRECT] 
2026-05-10 00:03:02,318 [ERROR] LogOutputStream:75 - [STDERR_REDIRECT] [Fatal Error] :1:1: Premature end of file.
2026-05-10 00:03:02,318 [ERROR] LogOutputStream:75 - [STDERR_REDIRECT] 
2026-05-10 00:03:03,310 [ERROR] LogOutputStream:75 - [STDERR_REDIRECT] [Fatal Error] :1:1: Premature end of file.
2026-05-10 00:03:03,310 [ERROR] LogOutputStream:75 - [STDERR_REDIRECT] 
2026-05-10 00:03:04,302 [ERROR] LogOutputStream:75 - [STDERR_REDIRECT] [Fatal Error] :1:1: Premature end of file.
2026-05-10 00:03:04,303 [ERROR] LogOutputStream:75 - [STDERR_REDIRECT] 
2026-05-10 00:03:05,313 [ERROR] LogOutputStream:75 - [STDERR_REDIRECT] [Fatal Error] :1:1: Premature end of file.
2026-05-10 00:03:05,314 [ERROR] LogOutputStream:75 - [STDERR_REDIRECT] 
2026-05-10 00:03:06,309 [ERROR] LogOutputStream:75 - [STDERR_REDIRECT] [Fatal Error] :1:1: Premature end of file.
2026-05-10 00:03:06,309 [ERROR] LogOutputStream:75 - [STDERR_REDIRECT] 
2026-05-10 00:03:07,308 [ERROR] LogOutputStream:75 - [STDERR_REDIRECT] [Fatal Error] :1:1: Premature end of file.
2026-05-10 00:03:07,309 [ERROR] LogOutputStream:75 - [STDERR_REDIRECT] 
2026-05-10 00:03:08,316 [ERROR] LogOutputStream:75 - [STDERR_REDIRECT] [Fatal Error] :1:1: Premature end of file.
2026-05-10 00:03:08,316 [ERROR] LogOutputStream:75 - [STDERR_REDIRECT] 
2026-05-10 00:03:09,355 [ERROR] LogOutputStream:75 - [STDERR_REDIRECT] [Fatal Error] :1:1: Premature end of file.
2026-05-10 00:03:09,356 [ERROR] LogOutputStream:75 - [STDERR_REDIRECT] 
2026-05-10 00:03:10,312 [ERROR] LogOutputStream:75 - [STDERR_REDIRECT] [Fatal Error] :1:1: Premature end of file.
2026-05-10 00:03:10,313 [ERROR] LogOutputStream:75 - [STDERR_REDIRECT] 
2026-05-10 00:03:11,313 [ERROR] LogOutputStream:75 - [STDERR_REDIRECT] [Fatal Error] :1:1: Premature end of file.
2026-05-10 00:03:11,313 [ERROR] LogOutputStream:75 - [STDERR_REDIRECT] 
2026-05-10 00:03:12,309 [ERROR] LogOutputStream:75 - [STDERR_REDIRECT] [Fatal Error] :1:1: Premature end of file.
2026-05-10 00:03:12,309 [ERROR] LogOutputStream:75 - [STDERR_REDIRECT] 
2026-05-10 00:03:13,305 [ERROR] LogOutputStream:75 - [STDERR_REDIRECT] [Fatal Error] :1:1: Premature end of file.
2026-05-10 00:03:13,305 [ERROR] LogOutputStream:75 - [STDERR_REDIRECT] 
2026-05-10 00:03:14,321 [ERROR] LogOutputStream:75 - [STDERR_REDIRECT] [Fatal Error] :1:1: Premature end of file.
2026-05-10 00:03:14,322 [ERROR] LogOutputStream:75 - [STDERR_REDIRECT] 
2026-05-10 00:03:15,302 [ERROR] LogOutputStream:75 - [STDERR_REDIRECT] [Fatal Error] :1:1: Premature end of file.
2026-05-10 00:03:15,302 [ERROR] LogOutputStream:75 - [STDERR_REDIRECT] 
2026-05-10 00:03:16,388 [ERROR] LogOutputStream:75 - [STDERR_REDIRECT] [Fatal Error] :1:1: Premature end of file.
2026-05-10 00:03:16,389 [ERROR] LogOutputStream:75 - [STDERR_REDIRECT] 
2026-05-10 00:03:17,306 [ERROR] LogOutputStream:75 - [STDERR_REDIRECT] [Fatal Error] :1:1: Premature end of file.
2026-05-10 00:03:17,306 [ERROR] LogOutputStream:75 - [STDERR_REDIRECT] 
2026-05-10 00:03:18,338 [ERROR] LogOutputStream:75 - [STDERR_REDIRECT] [Fatal Error] :1:1: Premature end of file.
2026-05-10 00:03:18,338 [ERROR] LogOutputStream:75 - [STDERR_REDIRECT] 
2026-05-10 00:03:19,314 [ERROR] LogOutputStream:75 - [STDERR_REDIRECT] [Fatal Error] :1:1: Premature end of file.
2026-05-10 00:03:19,317 [ERROR] LogOutputStream:75 - [STDERR_REDIRECT] 
2026-05-10 00:03:20,326 [ERROR] LogOutputStream:75 - [STDERR_REDIRECT] [Fatal Error] :1:1: Premature end of file.
2026-05-10 00:03:20,327 [ERROR] LogOutputStream:75 - [STDERR_REDIRECT] 
2026-05-10 00:03:21,300 [ERROR] LogOutputStream:75 - [STDERR_REDIRECT] [Fatal Error] :1:1: Premature end of file.
2026-05-10 00:03:21,301 [ERROR] LogOutputStream:75 - [STDERR_REDIRECT] 
2026-05-10 00:03:22,305 [ERROR] LogOutputStream:75 - [STDERR_REDIRECT] [Fatal Error] :1:1: Premature end of file.
2026-05-10 00:03:22,305 [ERROR] LogOutputStream:75 - [STDERR_REDIRECT] 
2026-05-10 00:03:23,304 [ERROR] LogOutputStream:75 - [STDERR_REDIRECT] [Fatal Error] :1:1: Premature end of file.
2026-05-10 00:03:23,304 [ERROR] LogOutputStream:75 - [STDERR_REDIRECT] 
2026-05-10 00:03:24,328 [ERROR] LogOutputStream:75 - [STDERR_REDIRECT] [Fatal Error] :1:1: Premature end of file.
2026-05-10 00:03:24,329 [ERROR] LogOutputStream:75 - [STDERR_REDIRECT] 
2026-05-10 00:03:25,313 [ERROR] LogOutputStream:75 - [STDERR_REDIRECT] [Fatal Error] :1:1: Premature end of file.
2026-05-10 00:03:25,313 [ERROR] LogOutputStream:75 - [STDERR_REDIRECT] 
2026-05-10 00:03:26,313 [ERROR] LogOutputStream:75 - [STDERR_REDIRECT] [Fatal Error] :1:1: Premature end of file.
2026-05-10 00:03:26,313 [ERROR] LogOutputStream:75 - [STDERR_REDIRECT] 
2026-05-10 00:03:27,290 [ERROR] LogOutputStream:75 - [STDERR_REDIRECT] [Fatal Error] :1:1: Premature end of file.
2026-05-10 00:03:27,290 [ERROR] LogOutputStream:75 - [STDERR_REDIRECT] 
2026-05-10 00:03:28,311 [ERROR] LogOutputStream:75 - [STDERR_REDIRECT] [Fatal Error] :1:1: Premature end of file.
2026-05-10 00:03:28,311 [ERROR] LogOutputStream:75 - [STDERR_REDIRECT] 
2026-05-10 00:03:28,933 [INFO] UtilMem:75 - End SaveConfig() Used Memory: 989134928 Bytes (1073741824)
2026-05-10 00:03:29,315 [ERROR] LogOutputStream:75 - [STDERR_REDIRECT] [Fatal Error] :1:1: Premature end of file.
2026-05-10 00:03:29,316 [ERROR] LogOutputStream:75 - [STDERR_REDIRECT] 
2026-05-10 00:03:30,320 [ERROR] LogOutputStream:75 - [STDERR_REDIRECT] [Fatal Error] :1:1: Premature end of file.
2026-05-10 00:03:30,321 [ERROR] LogOutputStream:75 - [STDERR_REDIRECT] 
2026-05-10 00:03:31,336 [ERROR] LogOutputStream:75 - [STDERR_REDIRECT] [Fatal Error] :1:1: Premature end of file.
2026-05-10 00:03:31,337 [ERROR] LogOutputStream:75 - [STDERR_REDIRECT] 
2026-05-10 00:03:32,323 [ERROR] LogOutputStream:75 - [STDERR_REDIRECT] [Fatal Error] :1:1: Premature end of file.
2026-05-10 00:03:32,326 [ERROR] LogOutputStream:75 - [STDERR_REDIRECT] 
2026-05-10 00:03:33,334 [INFO] UtilMem:75 - End SaveConfig() Used Memory: 738642640 Bytes (1073741824)
2026-05-10 00:03:33,367 [ERROR] LogOutputStream:75 - [STDERR_REDIRECT] [Fatal Error] :1:1: Premature end of file.
2026-05-10 00:03:33,370 [ERROR] LogOutputStream:75 - [STDERR_REDIRECT] 
2026-05-10 00:03:34,317 [ERROR] LogOutputStream:75 - [STDERR_REDIRECT] [Fatal Error] :1:1: Premature end of file.
2026-05-10 00:03:34,319 [ERROR] LogOutputStream:75 - [STDERR_REDIRECT] 
2026-05-10 00:03:35,025 [INFO] BlockDiagram:2775 - set Specific Code input for plugin: SYS
2026-05-10 00:03:35,025 [INFO] BlockDiagram:2775 - set Specific Code input for plugin: RCC
2026-05-10 00:03:35,025 [INFO] BlockDiagram:2775 - set Specific Code input for plugin: I2C
2026-05-10 00:03:35,026 [INFO] BlockDiagram:2775 - set Specific Code input for plugin: NVIC
2026-05-10 00:03:35,026 [INFO] BlockDiagram:2775 - set Specific Code input for plugin: USART
2026-05-10 00:03:35,026 [INFO] BlockDiagram:2775 - set Specific Code input for plugin: DMA
2026-05-10 00:03:35,029 [INFO] BlockDiagram:2775 - set Specific Code input for plugin: GPIO
2026-05-10 00:03:35,035 [INFO] CodeGenerator:892 - code generatio: config db path: C:\ST\STM32CubeIDE_1.18.0\STM32CubeIDE\plugins\com.st.stm32cube.common.mx_6.15.0.202507011659\\db\
2026-05-10 00:03:35,408 [ERROR] LogOutputStream:75 - [STDERR_REDIRECT] [Fatal Error] :1:1: Premature end of file.
2026-05-10 00:03:35,409 [ERROR] LogOutputStream:75 - [STDERR_REDIRECT] 
2026-05-10 00:03:35,697 [INFO] CodeEngine:265 - oldGeneratedFile, C:\Workspace\Git_folders\chromapi_motherboard\firmware\chromapi_stm32_core\MXTmpFiles\license.tmp_save
2026-05-10 00:03:36,300 [ERROR] LogOutputStream:75 - [STDERR_REDIRECT] [Fatal Error] :1:1: Premature end of file.
2026-05-10 00:03:36,301 [ERROR] LogOutputStream:75 - [STDERR_REDIRECT] 
2026-05-10 00:03:37,185 [INFO] CodeEngine:289 - Generated code: C:\Workspace\Git_folders\chromapi_motherboard\firmware\chromapi_stm32_core\MXTmpFiles\license.tmp
2026-05-10 00:03:37,304 [ERROR] LogOutputStream:75 - [STDERR_REDIRECT] [Fatal Error] :1:1: Premature end of file.
2026-05-10 00:03:37,306 [ERROR] LogOutputStream:75 - [STDERR_REDIRECT] 
2026-05-10 00:03:37,843 [INFO] CodeEngine:265 - oldGeneratedFile, C:\Workspace\Git_folders\chromapi_motherboard\firmware\chromapi_stm32_core\MXTmpFiles\gpio.tmp_save
2026-05-10 00:03:38,210 [INFO] CodeEngine:289 - Generated code: C:\Workspace\Git_folders\chromapi_motherboard\firmware\chromapi_stm32_core\MXTmpFiles\gpio.tmp
2026-05-10 00:03:38,306 [ERROR] LogOutputStream:75 - [STDERR_REDIRECT] [Fatal Error] :1:1: Premature end of file.
2026-05-10 00:03:38,310 [ERROR] LogOutputStream:75 - [STDERR_REDIRECT] 
2026-05-10 00:03:39,362 [ERROR] LogOutputStream:75 - [STDERR_REDIRECT] [Fatal Error] :1:1: Premature end of file.
2026-05-10 00:03:39,363 [ERROR] LogOutputStream:75 - [STDERR_REDIRECT] 
2026-05-10 00:03:39,476 [INFO] CodeEngine:265 - oldGeneratedFile, C:\Workspace\Git_folders\chromapi_motherboard\firmware\chromapi_stm32_core\MXTmpFiles\dma.tmp_save
2026-05-10 00:03:39,621 [INFO] CodeEngine:289 - Generated code: C:\Workspace\Git_folders\chromapi_motherboard\firmware\chromapi_stm32_core\MXTmpFiles\dma.tmp
2026-05-10 00:03:39,635 [INFO] CodeEngine:265 - oldGeneratedFile, C:\Workspace\Git_folders\chromapi_motherboard\firmware\chromapi_stm32_core\MXTmpFiles\dma_GV.tmp_save
2026-05-10 00:03:39,810 [INFO] CodeEngine:289 - Generated code: C:\Workspace\Git_folders\chromapi_motherboard\firmware\chromapi_stm32_core\MXTmpFiles\dma_GV.tmp
2026-05-10 00:03:39,842 [INFO] CodeEngine:265 - oldGeneratedFile, C:\Workspace\Git_folders\chromapi_motherboard\firmware\chromapi_stm32_core\Core\Src\stm32g4xx_it.c_save
2026-05-10 00:03:40,048 [INFO] CodeEngine:289 - Generated code: C:\Workspace\Git_folders\chromapi_motherboard\firmware\chromapi_stm32_core\Core\Src\stm32g4xx_it.c
2026-05-10 00:03:40,058 [INFO] CodeEngine:265 - oldGeneratedFile, C:\Workspace\Git_folders\chromapi_motherboard\firmware\chromapi_stm32_core\Core\Inc\stm32g4xx_it.h_save
2026-05-10 00:03:40,186 [INFO] CodeEngine:289 - Generated code: C:\Workspace\Git_folders\chromapi_motherboard\firmware\chromapi_stm32_core\Core\Inc\stm32g4xx_it.h
2026-05-10 00:03:40,219 [INFO] CodeEngine:265 - oldGeneratedFile, C:\Workspace\Git_folders\chromapi_motherboard\firmware\chromapi_stm32_core\Core\Src\stm32g4xx_hal_msp.c_save
2026-05-10 00:03:40,297 [ERROR] LogOutputStream:75 - [STDERR_REDIRECT] [Fatal Error] :1:1: Premature end of file.
2026-05-10 00:03:40,300 [ERROR] LogOutputStream:75 - [STDERR_REDIRECT] 
2026-05-10 00:03:40,475 [INFO] CodeEngine:289 - Generated code: C:\Workspace\Git_folders\chromapi_motherboard\firmware\chromapi_stm32_core\Core\Src\stm32g4xx_hal_msp.c
2026-05-10 00:03:40,486 [INFO] CodeEngine:265 - oldGeneratedFile, C:\Workspace\Git_folders\chromapi_motherboard\firmware\chromapi_stm32_core\MXTmpFiles\system.tmp_save
2026-05-10 00:03:40,567 [INFO] CodeEngine:289 - Generated code: C:\Workspace\Git_folders\chromapi_motherboard\firmware\chromapi_stm32_core\MXTmpFiles\system.tmp
2026-05-10 00:03:40,589 [INFO] CodeEngine:321 - oldGeneratedFile, C:\Workspace\Git_folders\chromapi_motherboard\firmware\chromapi_stm32_core\Core\Inc\stm32g4xx_hal_conf.h_save
2026-05-10 00:03:40,684 [INFO] CodeEngine:345 - Generated code: C:\Workspace\Git_folders\chromapi_motherboard\firmware\chromapi_stm32_core\Core\Inc\stm32g4xx_hal_conf.h
2026-05-10 00:03:40,749 [WARN] IPConfigManager:3238 - Warning: the RefConfig RCC_CommonPeriphClockConfig is not available in your config.xml file
2026-05-10 00:03:40,772 [INFO] ApiDbMcu:532 - Load IP Config File for I2C1
2026-05-10 00:03:40,801 [INFO] ApiDbMcu:532 - Load IP Config File for USART2
2026-05-10 00:03:40,813 [INFO] ApiDbMcu:532 - Load IP Config File for RCC
2026-05-10 00:03:40,837 [INFO] CodeEngine:265 - oldGeneratedFile, C:\Workspace\Git_folders\chromapi_motherboard\firmware\chromapi_stm32_core\Core\Inc\main.h_save
2026-05-10 00:03:40,994 [INFO] CodeEngine:289 - Generated code: C:\Workspace\Git_folders\chromapi_motherboard\firmware\chromapi_stm32_core\Core\Inc\main.h
2026-05-10 00:03:41,006 [INFO] CodeEngine:265 - oldGeneratedFile, C:\Workspace\Git_folders\chromapi_motherboard\firmware\chromapi_stm32_core\Core\Src\main.c_save
2026-05-10 00:03:41,265 [INFO] CodeEngine:289 - Generated code: C:\Workspace\Git_folders\chromapi_motherboard\firmware\chromapi_stm32_core\Core\Src\main.c
2026-05-10 00:03:41,326 [ERROR] LogOutputStream:75 - [STDERR_REDIRECT] [Fatal Error] :1:1: Premature end of file.
2026-05-10 00:03:41,327 [ERROR] LogOutputStream:75 - [STDERR_REDIRECT] 
2026-05-10 00:03:41,952 [INFO] ProjectBuilder:3606 - Time for Copy HAL[1] : 374mS.
2026-05-10 00:03:41,973 [INFO] ProjectBuilder:5216 - Project Generator version: 4.7.0-B52
2026-05-10 00:03:42,192 [INFO] ConfigFileManager:1595 - The Die is : DIE468
2026-05-10 00:03:42,245 [INFO] ApiDbMcu:532 - Load IP Config File for FATFS
2026-05-10 00:03:42,260 [INFO] ApiDbMcu:532 - Load IP Config File for FREERTOS
2026-05-10 00:03:42,299 [ERROR] LogOutputStream:75 - [STDERR_REDIRECT] [Fatal Error] :1:1: Premature end of file.
2026-05-10 00:03:42,300 [ERROR] LogOutputStream:75 - [STDERR_REDIRECT] 
2026-05-10 00:03:42,319 [INFO] ApiDbMcu:532 - Load IP Config File for USBPD
2026-05-10 00:03:42,372 [INFO] ApiDbMcu:532 - Load IP Config File for USB_DEVICE
2026-05-10 00:03:43,395 [ERROR] LogOutputStream:75 - [STDERR_REDIRECT] [Fatal Error] :1:1: Premature end of file.
2026-05-10 00:03:43,397 [ERROR] LogOutputStream:75 - [STDERR_REDIRECT] 
2026-05-10 00:03:43,561 [INFO] LogOutputStream:77 - [STDOUT_REDIRECT] 
2026-05-10 00:03:44,391 [ERROR] LogOutputStream:75 - [STDERR_REDIRECT] [Fatal Error] :1:1: Premature end of file.
2026-05-10 00:03:44,393 [ERROR] LogOutputStream:75 - [STDERR_REDIRECT] 
2026-05-10 00:03:45,366 [ERROR] LogOutputStream:75 - [STDERR_REDIRECT] [Fatal Error] :1:1: Premature end of file.
2026-05-10 00:03:45,369 [ERROR] LogOutputStream:75 - [STDERR_REDIRECT] 
2026-05-10 00:03:46,151 [INFO] ProjectBuilder:5496 - Time for Generating toolchain IDE Files: 4174mS.
2026-05-10 00:03:46,155 [INFO] ProjectBuilder:3463 - Time for Copy CMSIS : 2mS.
2026-05-10 00:03:46,162 [INFO] ProjectBuilder:3463 - Time for Copy CMSIS : 0mS.
2026-05-10 00:03:46,446 [ERROR] LogOutputStream:75 - [STDERR_REDIRECT] [Fatal Error] :1:1: Premature end of file.
2026-05-10 00:03:46,447 [ERROR] LogOutputStream:75 - [STDERR_REDIRECT] 
2026-05-10 00:03:47,442 [ERROR] LogOutputStream:75 - [STDERR_REDIRECT] [Fatal Error] :1:1: Premature end of file.
2026-05-10 00:03:47,444 [ERROR] LogOutputStream:75 - [STDERR_REDIRECT] 
2026-05-10 00:03:48,347 [ERROR] LogOutputStream:75 - [STDERR_REDIRECT] [Fatal Error] :1:1: Premature end of file.
2026-05-10 00:03:48,347 [ERROR] LogOutputStream:75 - [STDERR_REDIRECT] 
2026-05-10 00:03:49,304 [ERROR] LogOutputStream:75 - [STDERR_REDIRECT] [Fatal Error] :1:1: Premature end of file.
2026-05-10 00:03:49,305 [ERROR] LogOutputStream:75 - [STDERR_REDIRECT] 
2026-05-10 00:03:50,284 [ERROR] LogOutputStream:75 - [STDERR_REDIRECT] [Fatal Error] :1:1: Premature end of file.
2026-05-10 00:03:50,287 [ERROR] LogOutputStream:75 - [STDERR_REDIRECT] 
2026-05-10 00:03:51,379 [ERROR] LogOutputStream:75 - [STDERR_REDIRECT] [Fatal Error] :1:1: Premature end of file.
2026-05-10 00:03:51,380 [ERROR] LogOutputStream:75 - [STDERR_REDIRECT] 
2026-05-10 00:03:52,285 [ERROR] LogOutputStream:75 - [STDERR_REDIRECT] [Fatal Error] :1:1: Premature end of file.
2026-05-10 00:03:52,285 [ERROR] LogOutputStream:75 - [STDERR_REDIRECT] 
2026-05-10 00:03:53,315 [ERROR] LogOutputStream:75 - [STDERR_REDIRECT] [Fatal Error] :1:1: Premature end of file.
2026-05-10 00:03:53,316 [ERROR] LogOutputStream:75 - [STDERR_REDIRECT] 
2026-05-10 00:03:54,646 [ERROR] LogOutputStream:75 - [STDERR_REDIRECT] [Fatal Error] :1:1: Premature end of file.
2026-05-10 00:03:54,646 [ERROR] LogOutputStream:75 - [STDERR_REDIRECT] 
2026-05-10 00:03:55,322 [ERROR] LogOutputStream:75 - [STDERR_REDIRECT] [Fatal Error] :1:1: Premature end of file.
2026-05-10 00:03:55,323 [ERROR] LogOutputStream:75 - [STDERR_REDIRECT] 
2026-05-10 00:03:56,315 [ERROR] LogOutputStream:75 - [STDERR_REDIRECT] [Fatal Error] :1:1: Premature end of file.
2026-05-10 00:03:56,316 [ERROR] LogOutputStream:75 - [STDERR_REDIRECT] 
2026-05-10 00:03:57,370 [ERROR] LogOutputStream:75 - [STDERR_REDIRECT] [Fatal Error] :1:1: Premature end of file.
2026-05-10 00:03:57,374 [ERROR] LogOutputStream:75 - [STDERR_REDIRECT] 
2026-05-10 00:03:58,454 [ERROR] LogOutputStream:75 - [STDERR_REDIRECT] [Fatal Error] :1:1: Premature end of file.
2026-05-10 00:03:58,456 [ERROR] LogOutputStream:75 - [STDERR_REDIRECT] 
2026-05-10 00:03:59,364 [ERROR] LogOutputStream:75 - [STDERR_REDIRECT] [Fatal Error] :1:1: Premature end of file.
2026-05-10 00:03:59,367 [ERROR] LogOutputStream:75 - [STDERR_REDIRECT] 
2026-05-10 00:04:00,386 [ERROR] LogOutputStream:75 - [STDERR_REDIRECT] [Fatal Error] :1:1: Premature end of file.
2026-05-10 00:04:00,389 [ERROR] LogOutputStream:75 - [STDERR_REDIRECT] 
2026-05-10 00:04:01,369 [ERROR] LogOutputStream:75 - [STDERR_REDIRECT] [Fatal Error] :1:1: Premature end of file.
2026-05-10 00:04:01,369 [ERROR] LogOutputStream:75 - [STDERR_REDIRECT] 
2026-05-10 00:04:02,360 [ERROR] LogOutputStream:75 - [STDERR_REDIRECT] [Fatal Error] :1:1: Premature end of file.
2026-05-10 00:04:02,362 [ERROR] LogOutputStream:75 - [STDERR_REDIRECT] 
2026-05-10 00:04:03,533 [ERROR] LogOutputStream:75 - [STDERR_REDIRECT] [Fatal Error] :1:1: Premature end of file.
2026-05-10 00:04:03,535 [ERROR] LogOutputStream:75 - [STDERR_REDIRECT] 
2026-05-10 00:04:04,502 [ERROR] LogOutputStream:75 - [STDERR_REDIRECT] [Fatal Error] :1:1: Premature end of file.
2026-05-10 00:04:04,502 [ERROR] LogOutputStream:75 - [STDERR_REDIRECT] 
2026-05-10 00:04:05,495 [ERROR] LogOutputStream:75 - [STDERR_REDIRECT] [Fatal Error] :1:1: Premature end of file.
2026-05-10 00:04:05,497 [ERROR] LogOutputStream:75 - [STDERR_REDIRECT] 
2026-05-10 00:04:06,348 [ERROR] LogOutputStream:75 - [STDERR_REDIRECT] [Fatal Error] :1:1: Premature end of file.
2026-05-10 00:04:06,348 [ERROR] LogOutputStream:75 - [STDERR_REDIRECT] 
2026-05-10 00:04:07,373 [ERROR] LogOutputStream:75 - [STDERR_REDIRECT] [Fatal Error] :1:1: Premature end of file.
2026-05-10 00:04:07,381 [ERROR] LogOutputStream:75 - [STDERR_REDIRECT] 
2026-05-10 00:04:08,509 [ERROR] LogOutputStream:75 - [STDERR_REDIRECT] [Fatal Error] :1:1: Premature end of file.
2026-05-10 00:04:08,511 [ERROR] LogOutputStream:75 - [STDERR_REDIRECT] 
2026-05-10 00:04:09,364 [ERROR] LogOutputStream:75 - [STDERR_REDIRECT] [Fatal Error] :1:1: Premature end of file.
2026-05-10 00:04:09,366 [ERROR] LogOutputStream:75 - [STDERR_REDIRECT] 
2026-05-10 00:04:10,375 [ERROR] LogOutputStream:75 - [STDERR_REDIRECT] [Fatal Error] :1:1: Premature end of file.
2026-05-10 00:04:10,377 [ERROR] LogOutputStream:75 - [STDERR_REDIRECT] 
2026-05-10 00:04:11,615 [ERROR] LogOutputStream:75 - [STDERR_REDIRECT] [Fatal Error] :1:1: Premature end of file.
2026-05-10 00:04:11,616 [ERROR] LogOutputStream:75 - [STDERR_REDIRECT] 
2026-05-10 00:04:12,396 [ERROR] LogOutputStream:75 - [STDERR_REDIRECT] [Fatal Error] :1:1: Premature end of file.
2026-05-10 00:04:12,396 [ERROR] LogOutputStream:75 - [STDERR_REDIRECT] 
2026-05-10 00:04:13,381 [ERROR] LogOutputStream:75 - [STDERR_REDIRECT] [Fatal Error] :1:1: Premature end of file.
2026-05-10 00:04:13,381 [ERROR] LogOutputStream:75 - [STDERR_REDIRECT] 
2026-05-10 00:04:14,367 [ERROR] LogOutputStream:75 - [STDERR_REDIRECT] [Fatal Error] :1:1: Premature end of file.
2026-05-10 00:04:14,367 [ERROR] LogOutputStream:75 - [STDERR_REDIRECT] 
2026-05-10 00:04:15,407 [ERROR] LogOutputStream:75 - [STDERR_REDIRECT] [Fatal Error] :1:1: Premature end of file.
2026-05-10 00:04:15,409 [ERROR] LogOutputStream:75 - [STDERR_REDIRECT] 
2026-05-10 00:04:16,364 [ERROR] LogOutputStream:75 - [STDERR_REDIRECT] [Fatal Error] :1:1: Premature end of file.
2026-05-10 00:04:16,364 [ERROR] LogOutputStream:75 - [STDERR_REDIRECT] 
2026-05-10 00:04:17,324 [ERROR] LogOutputStream:75 - [STDERR_REDIRECT] [Fatal Error] :1:1: Premature end of file.
2026-05-10 00:04:17,324 [ERROR] LogOutputStream:75 - [STDERR_REDIRECT] 
2026-05-10 00:04:18,390 [ERROR] LogOutputStream:75 - [STDERR_REDIRECT] [Fatal Error] :1:1: Premature end of file.
2026-05-10 00:04:18,390 [ERROR] LogOutputStream:75 - [STDERR_REDIRECT] 
2026-05-10 00:04:19,373 [ERROR] LogOutputStream:75 - [STDERR_REDIRECT] [Fatal Error] :1:1: Premature end of file.
2026-05-10 00:04:19,373 [ERROR] LogOutputStream:75 - [STDERR_REDIRECT] 
2026-05-10 00:04:20,312 [ERROR] LogOutputStream:75 - [STDERR_REDIRECT] [Fatal Error] :1:1: Premature end of file.
2026-05-10 00:04:20,312 [ERROR] LogOutputStream:75 - [STDERR_REDIRECT] 
2026-05-10 00:04:22,024 [ERROR] LogOutputStream:75 - [STDERR_REDIRECT] [Fatal Error] :1:1: Premature end of file.
2026-05-10 00:04:22,026 [ERROR] LogOutputStream:75 - [STDERR_REDIRECT] 
2026-05-10 00:04:22,932 [ERROR] LogOutputStream:75 - [STDERR_REDIRECT] [Fatal Error] :1:1: Premature end of file.
2026-05-10 00:04:22,932 [ERROR] LogOutputStream:75 - [STDERR_REDIRECT] 
2026-05-10 00:04:24,047 [ERROR] LogOutputStream:75 - [STDERR_REDIRECT] [Fatal Error] :1:1: Premature end of file.
2026-05-10 00:04:24,051 [ERROR] LogOutputStream:75 - [STDERR_REDIRECT] 
2026-05-10 00:04:24,977 [ERROR] LogOutputStream:75 - [STDERR_REDIRECT] [Fatal Error] :1:1: Premature end of file.
2026-05-10 00:04:24,979 [ERROR] LogOutputStream:75 - [STDERR_REDIRECT] 
2026-05-10 00:04:26,499 [ERROR] LogOutputStream:75 - [STDERR_REDIRECT] [Fatal Error] :1:1: Premature end of file.
2026-05-10 00:04:26,499 [ERROR] LogOutputStream:75 - [STDERR_REDIRECT] 
