2026-03-23 19:15:06,886 [INFO] Activator:176 - 


2026-03-23 19:15:06,890 [INFO] Activator:177 - !SESSION log4j initialized
2026-03-23 19:15:11,562 [INFO] LogOutputStream:77 - [STDOUT_REDIRECT] 
2026-03-23 19:15:12,847 [INFO] ApplicationProperties:184 - Using Application install path: /home/mowibox/st/stm32cubeide_1.19.0_2/plugins/com.st.stm32cube.common.mx_6.15.0.202507011659
2026-03-23 19:15:12,893 [INFO] DbMcusXml:78 - Set database path to: /home/mowibox/st/stm32cubeide_1.19.0_2/plugins/com.st.stm32cube.common.mx_6.15.0.202507011659//db//mcu/
2026-03-23 19:15:12,894 [INFO] ApiDb:274 - Set plugin database path to: /home/mowibox/st/stm32cubeide_1.19.0_2/plugins/com.st.stm32cube.common.mx_6.15.0.202507011659//db//plugins/boardmanager/
2026-03-23 19:15:12,894 [WARN] ApiDb:259 - Overriding images path with different value:  => /home/mowibox/st/stm32cubeide_1.19.0_2/plugins/com.st.stm32cube.common.mx_6.15.0.202507011659//db//plugins/mcufinder/images/
2026-03-23 19:15:12,911 [INFO] ApiDb:250 - Set database path to: /home/mowibox/.stmcufinder/plugins/mcufinder//mcu/
2026-03-23 19:15:12,914 [INFO] DbMcusAds:125 - Set database path to: /home/mowibox/.stmcufinder/plugins/mcufinder//mcu/
2026-03-23 19:15:12,926 [INFO] CrossReferenceDbSqlite:203 - Set database path to: /home/mowibox/.stmcufinder/plugins/mcufinder//mcu/cs/
2026-03-23 19:15:13,104 [INFO] RulesReader:64 - Compatibility file has been processed (317 Rules)
2026-03-23 19:15:13,187 [INFO] DbMcusXml:78 - Set database path to: /home/mowibox/st/stm32cubeide_1.19.0_2/plugins/com.st.stm32cube.common.mx_6.15.0.202507011659//db//mcu/
2026-03-23 19:15:13,187 [INFO] ApiDb:274 - Set plugin database path to: /home/mowibox/st/stm32cubeide_1.19.0_2/plugins/com.st.stm32cube.common.mx_6.15.0.202507011659//db//plugins/boardmanager/
2026-03-23 19:15:13,188 [INFO] ApiDb:261 - Set plugin images path to: /home/mowibox/st/stm32cubeide_1.19.0_2/plugins/com.st.stm32cube.common.mx_6.15.0.202507011659//db//plugins/mcufinder/images/
2026-03-23 19:15:13,189 [WARN] DbFile:41 - Overriding database path with different value: /home/mowibox/.stmcufinder/plugins/mcufinder/ => /home/mowibox/.stmcufinder/plugins/mcufinder
2026-03-23 19:15:13,189 [INFO] ApiDb:250 - Set database path to: /home/mowibox/.stmcufinder/plugins/mcufinder//mcu/
2026-03-23 19:15:13,189 [WARN] DbFile:41 - Overriding database path with different value: /home/mowibox/.stmcufinder/plugins/mcufinder/ => /home/mowibox/.stmcufinder/plugins/mcufinder
2026-03-23 19:15:13,189 [INFO] DbMcusAds:125 - Set database path to: /home/mowibox/.stmcufinder/plugins/mcufinder//mcu/
2026-03-23 19:15:13,189 [WARN] DbFile:41 - Overriding database path with different value: /home/mowibox/.stmcufinder/plugins/mcufinder/ => /home/mowibox/.stmcufinder/plugins/mcufinder
2026-03-23 19:15:13,189 [WARN] DbFile:41 - Overriding database path with different value: /home/mowibox/.stmcufinder/plugins/mcufinder/ => /home/mowibox/.stmcufinder/plugins/mcufinder
2026-03-23 19:15:13,193 [INFO] CrossReferenceDbSqlite:203 - Set database path to: /home/mowibox/.stmcufinder/plugins/mcufinder//mcu/cs/
2026-03-23 19:15:13,284 [INFO] MainPanel:274 - HeapMemory: 268435456
2026-03-23 19:15:13,521 [INFO] DbMcusXml:78 - Set database path to: /home/mowibox/st/stm32cubeide_1.19.0_2/plugins/com.st.stm32cube.common.mx_6.15.0.202507011659//db//mcu/
2026-03-23 19:15:13,522 [INFO] ApiDb:274 - Set plugin database path to: /home/mowibox/st/stm32cubeide_1.19.0_2/plugins/com.st.stm32cube.common.mx_6.15.0.202507011659//db//plugins/boardmanager/
2026-03-23 19:15:13,522 [INFO] ApiDb:261 - Set plugin images path to: /home/mowibox/st/stm32cubeide_1.19.0_2/plugins/com.st.stm32cube.common.mx_6.15.0.202507011659//db//plugins/mcufinder/images/
2026-03-23 19:15:13,522 [WARN] DbFile:41 - Overriding database path with different value: /home/mowibox/.stmcufinder/plugins/mcufinder/ => /home/mowibox/.stmcufinder/plugins/mcufinder
2026-03-23 19:15:13,522 [INFO] ApiDb:250 - Set database path to: /home/mowibox/.stmcufinder/plugins/mcufinder//mcu/
2026-03-23 19:15:13,522 [WARN] DbFile:41 - Overriding database path with different value: /home/mowibox/.stmcufinder/plugins/mcufinder/ => /home/mowibox/.stmcufinder/plugins/mcufinder
2026-03-23 19:15:13,523 [INFO] DbMcusAds:125 - Set database path to: /home/mowibox/.stmcufinder/plugins/mcufinder//mcu/
2026-03-23 19:15:13,523 [WARN] DbFile:41 - Overriding database path with different value: /home/mowibox/.stmcufinder/plugins/mcufinder/ => /home/mowibox/.stmcufinder/plugins/mcufinder
2026-03-23 19:15:13,523 [WARN] DbFile:41 - Overriding database path with different value: /home/mowibox/.stmcufinder/plugins/mcufinder/ => /home/mowibox/.stmcufinder/plugins/mcufinder
2026-03-23 19:15:13,526 [INFO] CrossReferenceDbSqlite:203 - Set database path to: /home/mowibox/.stmcufinder/plugins/mcufinder//mcu/cs/
2026-03-23 19:15:13,549 [INFO] ApplicationProperties:184 - Using Application install path: /home/mowibox/st/stm32cubeide_1.19.0_2/plugins/com.st.stm32cube.common.mx_6.15.0.202507011659
2026-03-23 19:15:13,552 [INFO] PluginManage:196 - Search for loadable plugins [exclusion list=, ]
2026-03-23 19:15:13,554 [INFO] PluginManage:310 - Check plugin analytics
2026-03-23 19:15:13,797 [INFO] AnalyticsPlugin:253 - Accepted Software Licenses: 
2026-03-23 19:15:13,797 [INFO] AnalyticsPlugin:255 - Accepted CMSIS Pack Licenses: 
2026-03-23 19:15:13,797 [INFO] AnalyticsPlugin:257 - Accepted Firmware Licenses: FW.G4.1.6.0
2026-03-23 19:15:13,800 [INFO] PluginManage:359 - Loaded plugin analytics (category:tool,tabindex:-1)
2026-03-23 19:15:13,800 [INFO] PluginManage:310 - Check plugin cadmodel
2026-03-23 19:15:13,805 [INFO] CADModel:105 - Init CAD model plugin
2026-03-23 19:15:13,806 [INFO] PluginManage:359 - Loaded plugin cadmodel (category:power,tabindex:5)
2026-03-23 19:15:13,806 [INFO] PluginManage:310 - Check plugin clock
2026-03-23 19:15:13,818 [INFO] PluginManage:359 - Loaded plugin clock (category:base,tabindex:2)
2026-03-23 19:15:13,818 [INFO] PluginManage:310 - Check plugin ddr
2026-03-23 19:15:13,821 [INFO] PluginManage:359 - Loaded plugin ddr (category:tool,tabindex:6)
2026-03-23 19:15:13,821 [INFO] PluginManage:310 - Check plugin filemanager
2026-03-23 19:15:14,048 [INFO] PluginManage:359 - Loaded plugin filemanager (category:base,tabindex:10)
2026-03-23 19:15:14,048 [INFO] PluginManage:310 - Check plugin ipmanager
2026-03-23 19:15:14,056 [INFO] PluginManage:359 - Loaded plugin ipmanager (category:base,tabindex:5)
2026-03-23 19:15:14,056 [INFO] PluginManage:310 - Check plugin lpbam
2026-03-23 19:15:14,069 [INFO] PluginManage:359 - Loaded plugin lpbam (category:base,tabindex:0)
2026-03-23 19:15:14,069 [INFO] PluginManage:310 - Check plugin memorymap
2026-03-23 19:15:14,084 [INFO] PluginManage:359 - Loaded plugin memorymap (category:base,tabindex:4)
2026-03-23 19:15:14,084 [INFO] PluginManage:310 - Check plugin pinoutandconfiguration
2026-03-23 19:15:14,096 [INFO] PluginManage:359 - Loaded plugin pinoutandconfiguration (category:base,tabindex:1)
2026-03-23 19:15:14,096 [INFO] PluginManage:310 - Check plugin pinoutconfig
2026-03-23 19:15:14,204 [WARN] SupportedApi:132 - Cannot load RTOS API schema: s4s-elt-must-match.1: The content of 'definitions' must match (annotation?, (simpleType | complexType)?, (unique | key | keyref)*)). A problem was found starting at: attribute.
2026-03-23 19:15:14,574 [INFO] PluginManage:359 - Loaded plugin pinoutconfig (category:base,tabindex:0)
2026-03-23 19:15:14,574 [INFO] PluginManage:310 - Check plugin power
2026-03-23 19:15:14,586 [INFO] PluginManage:359 - Loaded plugin power (category:power,tabindex:4)
2026-03-23 19:15:14,587 [INFO] PluginManage:310 - Check plugin projectmanager
2026-03-23 19:15:14,612 [INFO] PluginManage:359 - Loaded plugin projectmanager (category:projectmanager,tabindex:4)
2026-03-23 19:15:14,612 [INFO] PluginManage:310 - Check plugin rif
2026-03-23 19:15:14,633 [INFO] PluginManage:359 - Loaded plugin rif (category:base,tabindex:3)
2026-03-23 19:15:14,634 [INFO] PluginManage:310 - Check plugin thirdparty
2026-03-23 19:15:14,930 [INFO] PluginManage:359 - Loaded plugin thirdparty (category:base,tabindex:-1)
2026-03-23 19:15:14,930 [INFO] PluginManage:310 - Check plugin tools
2026-03-23 19:15:14,930 [WARN] IntegrityCheckThread:84 - waiting for thirdparty lock release [integrity check]
2026-03-23 19:15:14,931 [INFO] IntegrityCheckThread:86 - entering critical section [integrity check]
2026-03-23 19:15:14,932 [INFO] ThirdPartyUpdaterWithRetryManager:70 - Updater plugin not ready yet. [1/15]
2026-03-23 19:15:14,933 [INFO] PluginManage:359 - Loaded plugin tools (category:base,tabindex:7)
2026-03-23 19:15:14,934 [INFO] PluginManage:310 - Check plugin tutovideos
2026-03-23 19:15:15,185 [INFO] PluginManage:359 - Loaded plugin tutovideos (category:base,tabindex:-1)
2026-03-23 19:15:15,185 [INFO] PluginManage:310 - Check plugin updater
2026-03-23 19:15:15,230 [INFO] PluginManage:359 - Loaded plugin updater (category:base,tabindex:12)
2026-03-23 19:15:15,230 [INFO] PluginManage:310 - Check plugin userauth
2026-03-23 19:15:15,235 [INFO] UserAuth:118 - Init User Auth plugin
2026-03-23 19:15:15,236 [INFO] PluginManage:359 - Loaded plugin userauth (category:base,tabindex:14)
2026-03-23 19:15:15,237 [INFO] PluginManage:283 - PluginManage : Loaded plugins [18]
2026-03-23 19:15:15,480 [INFO] PinOutPanel:1589 - setPackage(No Configuration,No Configuration)
2026-03-23 19:15:15,564 [INFO] CADModel:165 - CPN selected for project level
2026-03-23 19:15:15,564 [INFO] CADModel:114 - Register for checkConnection events
2026-03-23 19:15:15,584 [INFO] IPUIPlugin:80 - create IPUIPlugin
2026-03-23 19:15:15,584 [INFO] PluginManager:220 - loadIPPluginJar : add opamp
2026-03-23 19:15:15,586 [INFO] IPUIPlugin:80 - create IPUIPlugin
2026-03-23 19:15:15,587 [INFO] PluginManager:220 - loadIPPluginJar : add ucpd
2026-03-23 19:15:15,590 [INFO] IPUIPlugin:80 - create IPUIPlugin
2026-03-23 19:15:15,590 [INFO] PluginManager:220 - loadIPPluginJar : add usart
2026-03-23 19:15:15,597 [INFO] IPUIPlugin:80 - create IPUIPlugin
2026-03-23 19:15:15,597 [INFO] PluginManager:220 - loadIPPluginJar : add freertos
2026-03-23 19:15:15,599 [INFO] IPUIPlugin:80 - create IPUIPlugin
2026-03-23 19:15:15,599 [INFO] PluginManager:220 - loadIPPluginJar : add fatfs
2026-03-23 19:15:15,604 [INFO] IPUIPlugin:80 - create IPUIPlugin
2026-03-23 19:15:15,605 [INFO] PluginManager:220 - loadIPPluginJar : add nvic
2026-03-23 19:15:15,608 [INFO] IPUIPlugin:80 - create IPUIPlugin
2026-03-23 19:15:15,608 [INFO] PluginManager:220 - loadIPPluginJar : add tracer_emb
2026-03-23 19:15:15,612 [INFO] IPUIPlugin:80 - create IPUIPlugin
2026-03-23 19:15:15,612 [INFO] PluginManager:220 - loadIPPluginJar : add usbx
2026-03-23 19:15:15,618 [INFO] IPUIPlugin:80 - create IPUIPlugin
2026-03-23 19:15:15,622 [INFO] PluginManager:220 - loadIPPluginJar : add plateformsettings
2026-03-23 19:15:15,625 [INFO] IPUIPlugin:80 - create IPUIPlugin
2026-03-23 19:15:15,625 [INFO] PluginManager:220 - loadIPPluginJar : add gfxmmu
2026-03-23 19:15:15,627 [INFO] IPUIPlugin:80 - create IPUIPlugin
2026-03-23 19:15:15,628 [INFO] PluginManager:220 - loadIPPluginJar : add lorawan
2026-03-23 19:15:15,634 [INFO] IPUIPlugin:80 - create IPUIPlugin
2026-03-23 19:15:15,634 [INFO] PluginManager:220 - loadIPPluginJar : add gic
2026-03-23 19:15:15,636 [INFO] IPUIPlugin:80 - create IPUIPlugin
2026-03-23 19:15:15,637 [INFO] PluginManager:220 - loadIPPluginJar : add tim
2026-03-23 19:15:15,640 [INFO] IPUIPlugin:80 - create IPUIPlugin
2026-03-23 19:15:15,640 [INFO] PluginManager:220 - loadIPPluginJar : add hash
2026-03-23 19:15:15,642 [INFO] IPUIPlugin:80 - create IPUIPlugin
2026-03-23 19:15:15,642 [INFO] PluginManager:220 - loadIPPluginJar : add dfsdm
2026-03-23 19:15:15,646 [INFO] IPUIPlugin:80 - create IPUIPlugin
2026-03-23 19:15:15,646 [INFO] PluginManager:220 - loadIPPluginJar : add ipddr
2026-03-23 19:15:15,652 [INFO] IPUIPlugin:80 - create IPUIPlugin
2026-03-23 19:15:15,653 [INFO] PluginManager:220 - loadIPPluginJar : add adc
2026-03-23 19:15:15,655 [INFO] IPUIPlugin:80 - create IPUIPlugin
2026-03-23 19:15:15,655 [INFO] PluginManager:220 - loadIPPluginJar : add tsc
2026-03-23 19:15:15,657 [INFO] IPUIPlugin:80 - create IPUIPlugin
2026-03-23 19:15:15,658 [INFO] PluginManager:220 - loadIPPluginJar : add i2c
2026-03-23 19:15:15,661 [INFO] IPUIPlugin:80 - create IPUIPlugin
2026-03-23 19:15:15,661 [INFO] PluginManager:220 - loadIPPluginJar : add resmgrutility
2026-03-23 19:15:15,665 [INFO] IPUIPlugin:80 - create IPUIPlugin
2026-03-23 19:15:15,665 [INFO] PluginManager:220 - loadIPPluginJar : add fmc
2026-03-23 19:15:15,667 [INFO] IPUIPlugin:80 - create IPUIPlugin
2026-03-23 19:15:15,668 [INFO] PluginManager:220 - loadIPPluginJar : add spi
2026-03-23 19:15:15,671 [INFO] IPUIPlugin:80 - create IPUIPlugin
2026-03-23 19:15:15,671 [INFO] PluginManager:220 - loadIPPluginJar : add openamp
2026-03-23 19:15:15,676 [INFO] IPUIPlugin:80 - create IPUIPlugin
2026-03-23 19:15:15,676 [INFO] PluginManager:220 - loadIPPluginJar : add gpio
2026-03-23 19:15:15,685 [INFO] IPUIPlugin:80 - create IPUIPlugin
2026-03-23 19:15:15,685 [INFO] PluginManager:220 - loadIPPluginJar : add stm32_wpan
2026-03-23 19:15:15,690 [INFO] IPUIPlugin:80 - create IPUIPlugin
2026-03-23 19:15:15,690 [INFO] PluginManager:220 - loadIPPluginJar : add dma3
2026-03-23 19:15:15,693 [INFO] IPUIPlugin:80 - create IPUIPlugin
2026-03-23 19:15:15,693 [INFO] PluginManager:220 - loadIPPluginJar : add quadspi
2026-03-23 19:15:15,695 [INFO] IPUIPlugin:80 - create IPUIPlugin
2026-03-23 19:15:15,696 [INFO] PluginManager:220 - loadIPPluginJar : add radio
2026-03-23 19:15:15,707 [INFO] IPUIPlugin:80 - create IPUIPlugin
2026-03-23 19:15:15,707 [INFO] PluginManager:220 - loadIPPluginJar : add linkedlist
2026-03-23 19:15:15,712 [INFO] IPUIPlugin:80 - create IPUIPlugin
2026-03-23 19:15:15,712 [INFO] PluginManager:220 - loadIPPluginJar : add can
2026-03-23 19:15:15,720 [INFO] IPUIPlugin:80 - create IPUIPlugin
2026-03-23 19:15:15,721 [INFO] PluginManager:220 - loadIPPluginJar : add mdma
2026-03-23 19:15:15,722 [INFO] IPUIPlugin:80 - create IPUIPlugin
2026-03-23 19:15:15,722 [INFO] PluginManager:220 - loadIPPluginJar : add genericplugin
2026-03-23 19:15:15,725 [INFO] IPUIPlugin:80 - create IPUIPlugin
2026-03-23 19:15:15,726 [INFO] PluginManager:220 - loadIPPluginJar : add ddr_ctrl_phy
2026-03-23 19:15:15,729 [INFO] IPUIPlugin:80 - create IPUIPlugin
2026-03-23 19:15:15,729 [INFO] PluginManager:220 - loadIPPluginJar : add ts
2026-03-23 19:15:15,733 [INFO] IPUIPlugin:80 - create IPUIPlugin
2026-03-23 19:15:15,733 [INFO] PluginManager:220 - loadIPPluginJar : add gtzc
2026-03-23 19:15:15,737 [INFO] IPUIPlugin:80 - create IPUIPlugin
2026-03-23 19:15:15,737 [INFO] PluginManager:220 - loadIPPluginJar : add extmemmanager
2026-03-23 19:15:15,739 [INFO] IPUIPlugin:80 - create IPUIPlugin
2026-03-23 19:15:15,740 [INFO] PluginManager:220 - loadIPPluginJar : add cryp
2026-03-23 19:15:15,741 [INFO] IPUIPlugin:80 - create IPUIPlugin
2026-03-23 19:15:15,741 [INFO] PluginManager:220 - loadIPPluginJar : add comp
2026-03-23 19:15:15,742 [INFO] IPUIPlugin:80 - create IPUIPlugin
2026-03-23 19:15:15,742 [INFO] PluginManager:220 - loadIPPluginJar : add ltdc
2026-03-23 19:15:15,745 [INFO] IPUIPlugin:80 - create IPUIPlugin
2026-03-23 19:15:15,745 [INFO] PluginManager:220 - loadIPPluginJar : add pdm2pcm
2026-03-23 19:15:15,752 [INFO] IPUIPlugin:80 - create IPUIPlugin
2026-03-23 19:15:15,752 [INFO] PluginManager:220 - loadIPPluginJar : add dma
2026-03-23 19:15:15,755 [INFO] IPUIPlugin:80 - create IPUIPlugin
2026-03-23 19:15:15,755 [INFO] PluginManager:220 - loadIPPluginJar : add i3c
2026-03-23 19:15:15,758 [INFO] IPUIPlugin:80 - create IPUIPlugin
2026-03-23 19:15:15,758 [INFO] PluginManager:220 - loadIPPluginJar : add aes
2026-03-23 19:15:15,761 [INFO] IPUIPlugin:80 - create IPUIPlugin
2026-03-23 19:15:15,761 [INFO] PluginManager:220 - loadIPPluginJar : add i2s
2026-03-23 19:15:15,765 [INFO] IPUIPlugin:80 - create IPUIPlugin
2026-03-23 19:15:15,765 [INFO] PluginManager:220 - loadIPPluginJar : add touchsensing
2026-03-23 19:15:15,768 [INFO] IPUIPlugin:80 - create IPUIPlugin
2026-03-23 19:15:15,769 [INFO] PluginManager:220 - loadIPPluginJar : add sai
2026-03-23 19:15:15,884 [FATAL] Updater:351 - Updater called before beeing initialized
2026-03-23 19:15:15,913 [INFO] RulesReader:64 - Compatibility file has been processed (317 Rules)
2026-03-23 19:15:15,929 [INFO] RulesReader:64 - Compatibility file has been processed (317 Rules)
2026-03-23 19:15:15,941 [INFO] CADModel:165 - CPN selected for project level
2026-03-23 19:15:15,942 [INFO] CADModel:114 - Register for checkConnection events
2026-03-23 19:15:15,942 [FATAL] Updater:351 - Updater called before beeing initialized
2026-03-23 19:15:15,942 [ERROR] CADModel:125 - Updater not yet initialized, retry later 
2026-03-23 19:15:16,211 [FATAL] Updater:351 - Updater called before beeing initialized
2026-03-23 19:15:16,215 [INFO] CADModel:165 - CPN selected for project level
2026-03-23 19:15:16,215 [INFO] CADModel:114 - Register for checkConnection events
2026-03-23 19:15:16,216 [FATAL] Updater:351 - Updater called before beeing initialized
2026-03-23 19:15:16,216 [ERROR] CADModel:125 - Updater not yet initialized, retry later 
2026-03-23 19:15:16,225 [FATAL] Updater:351 - Updater called before beeing initialized
2026-03-23 19:15:16,462 [FATAL] Updater:351 - Updater called before beeing initialized
2026-03-23 19:15:16,466 [INFO] DbMcusAds:53 - JSON generation date=Wed Feb 18 15:32:49 CET 2026 (1771425169100)
2026-03-23 19:15:16,466 [FATAL] Updater:351 - Updater called before beeing initialized
2026-03-23 19:15:16,527 [WARN] DetailPanel:346 - Failed to get advertising image, set to default
2026-03-23 19:15:16,621 [FATAL] Updater:351 - Updater called before beeing initialized
2026-03-23 19:15:16,623 [FATAL] Updater:351 - Updater called before beeing initialized
2026-03-23 19:15:16,623 [FATAL] Updater:351 - Updater called before beeing initialized
2026-03-23 19:15:16,623 [WARN] DetailPanel:346 - Failed to get advertising image, set to default
2026-03-23 19:15:16,624 [FATAL] Updater:351 - Updater called before beeing initialized
2026-03-23 19:15:16,661 [ERROR] Updater:1198 - MainUpdater not yet initialized. External WinMGr cannot be set.
2026-03-23 19:15:16,663 [INFO] Updater:1134 - Updater Version found : 6.15.0
2026-03-23 19:15:16,688 [INFO] ApplicationProperties:184 - Using Application install path: /home/mowibox/st/stm32cubeide_1.19.0_2/plugins/com.st.stm32cube.common.mx_6.15.0.202507011659
2026-03-23 19:15:17,041 [INFO] MainUpdater:2872 - connection check result : 10
2026-03-23 19:15:17,042 [INFO] MainUpdater:3604 - Updater definition file requires update
2026-03-23 19:15:17,043 [INFO] MainUpdater:289 - Updater Check For Update Now.
2026-03-23 19:15:17,043 [INFO] MicroXplorer:498 - Change Database Version : DB.6.0.150
2026-03-23 19:15:17,052 [INFO] McuFinderGlobals:63 - Set McuFinder mode to 2 (CubeIDE integrated)
2026-03-23 19:15:17,052 [INFO] UserAuth:171 - activating auth plugin
2026-03-23 19:15:17,056 [INFO] UserAuth:487 - Internet connection configuration mode: 1
2026-03-23 19:15:17,065 [INFO] ServerAccessManage:452 - Complete download http(s) 200
2026-03-23 19:15:17,067 [INFO] ServerAccessManage:509 - Download File updaters.zip
2026-03-23 19:15:17,080 [INFO] JxBrowserEngine:152 - Initiate JxBrowser Engine with user profile folder
2026-03-23 19:15:17,196 [INFO] FileExtend:248 - Unzip File : updaters.zip
2026-03-23 19:15:17,196 [INFO] FileExtend:263 - Standard Zip Deflate
2026-03-23 19:15:17,506 [INFO] ServerAccessManage:452 - Complete download http(s) 200
2026-03-23 19:15:17,506 [INFO] ServerAccessManage:509 - Download File PacksControlFlags.xml
2026-03-23 19:15:17,609 [INFO] ServerAccessManage:452 - Complete download http(s) 200
2026-03-23 19:15:17,610 [INFO] ServerAccessManage:509 - Download File cubemx.pidx
2026-03-23 19:15:17,824 [INFO] LoadServerUpdatesThread:375 - End of LoadServerUpdate Thread
2026-03-23 19:15:17,933 [WARN] MainUpdater:1193 - Updater busy. Cannot search thirdparties
2026-03-23 19:15:17,934 [INFO] ThirdPartyUpdaterWithRetryManager:96 - Updater plugin is busy. [1/15]
2026-03-23 19:15:17,991 [INFO] CheckServerUpdateThread:120 - End of CheckServer Thread
2026-03-23 19:15:18,515 [INFO] WebApp:169 - Instantiating new browser for Auth
2026-03-23 19:15:19,323 [INFO] WebApp:463 - Apply proxy settings
2026-03-23 19:15:19,324 [INFO] WebApp:548 - Chromium requires no authentication
2026-03-23 19:15:19,343 [INFO] WebApp:491 - Direct internet connection detected
2026-03-23 19:15:19,364 [INFO] WebApp:900 - Register for checkConnection events
2026-03-23 19:15:19,365 [INFO] WebApp:463 - Apply proxy settings
2026-03-23 19:15:19,365 [INFO] WebApp:548 - Chromium requires no authentication
2026-03-23 19:15:19,366 [INFO] WebApp:491 - Direct internet connection detected
2026-03-23 19:15:19,509 [INFO] WebApp:225 - Starting web application
2026-03-23 19:15:19,510 [INFO] WebApp:593 - Web application path used /home/mowibox/st/stm32cubeide_1.19.0_2/plugins/com.st.stm32cube.common.mx_6.15.0.202507011659/db/plugins/mcufinder/reactClient1/index.html
2026-03-23 19:15:19,618 [INFO] WebApp:191 - Connection restablished
2026-03-23 19:15:21,130 [WARN] PackLoader:240 - Cannot read IP mode file for STMicroelectronics.X-CUBE-AZRTOS-H7.3.5.0
2026-03-23 19:15:21,142 [WARN] PackLoader:240 - Cannot read IP mode file for STMicroelectronics.FP-ATR-ASTRA1.2.0.2
2026-03-23 19:15:21,148 [WARN] PackLoader:240 - Cannot read IP mode file for STMicroelectronics.X-CUBE-SMBUS.2.1.0
2026-03-23 19:15:21,166 [WARN] PackLoader:240 - Cannot read IP mode file for STMicroelectronics.X-CUBE-AZRTOS-F7.1.1.0
2026-03-23 19:15:21,173 [WARN] PackLoader:240 - Cannot read IP mode file for STMicroelectronics.FP-SNS-MOTENV1.5.1.0
2026-03-23 19:15:21,181 [WARN] PackLoader:240 - Cannot read IP mode file for WES.I-CUBE-Cesium.1.4.0
2026-03-23 19:15:21,204 [WARN] PackLoader:240 - Cannot read IP mode file for STMicroelectronics.X-CUBE-AZRTOS-H7.3.4.0
2026-03-23 19:15:21,217 [WARN] PackLoader:240 - Cannot read IP mode file for STMicroelectronics.X-CUBE-DISPLAY.3.0.0
2026-03-23 19:15:21,224 [WARN] PackLoader:240 - Cannot read IP mode file for STMicroelectronics.FP-SNS-MOTENVWB1.1.5.0
2026-03-23 19:15:21,230 [WARN] PackLoader:240 - Cannot read IP mode file for STMicroelectronics.X-CUBE-NFC10.1.0.0
2026-03-23 19:15:21,234 [WARN] PackLoader:240 - Cannot read IP mode file for STMicroelectronics.X-CUBE-ST60.1.1.0
2026-03-23 19:15:21,239 [WARN] PackLoader:240 - Cannot read IP mode file for emotas.I-CUBE-CANOPEN.1.3.0
2026-03-23 19:15:21,243 [WARN] PackLoader:240 - Cannot read IP mode file for STMicroelectronics.X-CUBE-GNSS1.7.1.0
2026-03-23 19:15:21,250 [WARN] PackLoader:240 - Cannot read IP mode file for STMicroelectronics.FP-SNS-STBOX1.2.1.0
2026-03-23 19:15:21,255 [WARN] PackLoader:240 - Cannot read IP mode file for STMicroelectronics.FP-SNS-SMARTAG2.1.2.0
2026-03-23 19:15:21,259 [WARN] PackLoader:240 - Cannot read IP mode file for STMicroelectronics.FP-SNS-FLIGHT1.5.1.0
2026-03-23 19:15:21,267 [INFO] LogOutputStream:77 - [STDOUT_REDIRECT] 1 : Invalid condition id : UX_CORESTACK_Condition cause : null
2026-03-23 19:15:21,267 [INFO] LogOutputStream:77 - [STDOUT_REDIRECT] 1 : Invalid condition id : UX_CORESTACK_Condition cause : null
2026-03-23 19:15:21,268 [INFO] LogOutputStream:77 - [STDOUT_REDIRECT] 1 : Invalid condition id : UX_CORESTACK_Condition cause : null
2026-03-23 19:15:21,268 [INFO] LogOutputStream:77 - [STDOUT_REDIRECT] 1 : Invalid condition id : UX_CORESTACK_Condition cause : null
2026-03-23 19:15:21,268 [INFO] LogOutputStream:77 - [STDOUT_REDIRECT] 1 : Invalid condition id : UX_CORESTACK_Condition cause : null
2026-03-23 19:15:21,271 [WARN] PackLoader:240 - Cannot read IP mode file for STMicroelectronics.X-CUBE-AZRTOS-WL.2.0.0
2026-03-23 19:15:21,286 [WARN] PackLoader:240 - Cannot read IP mode file for STMicroelectronics.X-CUBE-AZRTOS-H7RS.1.2.0
2026-03-23 19:15:21,292 [WARN] PackLoader:240 - Cannot read IP mode file for STMicroelectronics.X-CUBE-BLE2.3.3.0
2026-03-23 19:15:21,318 [WARN] PackLoader:240 - Cannot read IP mode file for Infineon.AIROC-Wi-Fi-Bluetooth-STM32.1.8.0
2026-03-23 19:15:21,329 [WARN] PackLoader:240 - Cannot read IP mode file for STMicroelectronics.X-CUBE-NFC9.1.0.0
2026-03-23 19:15:21,336 [WARN] PackLoader:240 - Cannot read IP mode file for STMicroelectronics.X-CUBE-BLE1.7.1.0
2026-03-23 19:15:21,339 [WARN] PackLoader:240 - Cannot read IP mode file for wolfSSL.I-CUBE-wolfMQTT.1.19.2
2026-03-23 19:15:21,344 [WARN] PackLoader:240 - Cannot read IP mode file for STMicroelectronics.X-CUBE-FREERTOS.1.4.0
2026-03-23 19:15:21,351 [WARN] PackLoader:240 - Cannot read IP mode file for STMicroelectronics.X-CUBE-EEPRMA1.5.2.0
2026-03-23 19:15:21,355 [WARN] PackLoader:240 - Cannot read IP mode file for wolfSSL.I-CUBE-wolfSSL.5.8.4
2026-03-23 19:15:21,357 [WARN] PackLoader:240 - Cannot read IP mode file for Cesanta.I-CUBE-Mongoose.7.20.0
2026-03-23 19:15:21,404 [WARN] PackLoader:240 - Cannot read IP mode file for STMicroelectronics.X-CUBE-MEMS1.12.0.0
2026-03-23 19:15:21,485 [WARN] PackLoader:240 - Cannot read IP mode file for STMicroelectronics.X-CUBE-AZRTOS-G0.1.1.0
2026-03-23 19:15:21,492 [WARN] PackLoader:240 - Cannot read IP mode file for STMicroelectronics.X-CUBE-NFC4.3.0.0
2026-03-23 19:15:21,502 [WARN] PackLoader:240 - Cannot read IP mode file for EmbeddedOffice.I-CUBE-FS-RTOS.1.0.1
2026-03-23 19:15:21,508 [WARN] PackLoader:240 - Cannot read IP mode file for STMicroelectronics.X-CUBE-WB05N.2.0.0
2026-03-23 19:15:21,512 [WARN] PackLoader:240 - Cannot read IP mode file for wolfSSL.I-CUBE-wolfTPM.3.8.0
2026-03-23 19:15:21,519 [WARN] PackLoader:240 - Cannot read IP mode file for STMicroelectronics.X-CUBE-TCPP.4.2.0
2026-03-23 19:15:21,530 [WARN] PackLoader:240 - Cannot read IP mode file for RealThread.X-CUBE-RT-Thread_Nano.4.1.1
2026-03-23 19:15:21,537 [WARN] PackLoader:240 - Cannot read IP mode file for STMicroelectronics.FP-ATR-SIGFOX1.3.2.0
2026-03-23 19:15:21,548 [WARN] PackLoader:240 - Cannot read IP mode file for STMicroelectronics.X-CUBE-FREERTOS.1.5.0
2026-03-23 19:15:21,557 [WARN] PackLoader:240 - Cannot read IP mode file for ITTIA_DB.I-CUBE-ITTIADB.8.9.0
2026-03-23 19:15:21,568 [WARN] PackLoader:240 - Cannot read IP mode file for STMicroelectronics.X-CUBE-NFC6.3.2.0
2026-03-23 19:15:21,578 [WARN] PackLoader:240 - Cannot read IP mode file for STMicroelectronics.X-CUBE-AI.10.2.0
2026-03-23 19:15:21,633 [WARN] PackLoader:240 - Cannot read IP mode file for SEGGER.I-CUBE-embOS.1.3.1
2026-03-23 19:15:21,717 [WARN] PackLoader:240 - Cannot read IP mode file for STMicroelectronics.X-CUBE-ALGOBUILD.1.4.0
2026-03-23 19:15:21,724 [WARN] PackLoader:240 - Cannot read IP mode file for STMicroelectronics.X-CUBE-PM33A1.1.0.0
2026-03-23 19:15:21,748 [WARN] PackLoader:240 - Cannot read IP mode file for STMicroelectronics.X-CUBE-AZRTOS-F4.1.1.0
2026-03-23 19:15:21,759 [WARN] PackLoader:240 - Cannot read IP mode file for STMicroelectronics.X-CUBE-ISPU.2.1.0
2026-03-23 19:15:21,780 [WARN] PackLoader:240 - Cannot read IP mode file for STMicroelectronics.X-CUBE-IPS.3.2.0
2026-03-23 19:15:21,800 [WARN] PackLoader:240 - Cannot read IP mode file for STMicroelectronics.X-CUBE-NFC12.1.0.0
2026-03-23 19:15:21,829 [WARN] PackLoader:240 - Cannot read IP mode file for STMicroelectronics.X-CUBE-AZRTOS-L5.2.0.0
2026-03-23 19:15:21,839 [WARN] PackLoader:240 - Cannot read IP mode file for STMicroelectronics.X-CUBE-TOUCHGFX.4.26.0
2026-03-23 19:15:21,843 [WARN] PackLoader:240 - Cannot read IP mode file for STMicroelectronics.X-CUBE-TOUCHGFX.4.26.1
2026-03-23 19:15:21,848 [WARN] PackLoader:240 - Cannot read IP mode file for STMicroelectronics.FP-SNS-STAIOTCFT.1.0.0
2026-03-23 19:15:21,855 [WARN] PackLoader:240 - Cannot read IP mode file for STMicroelectronics.X-CUBE-DPower.1.3.0
2026-03-23 19:15:21,881 [WARN] ConditionMgr:438 - getConditionDescription Invalid condition id : LAN8742 Phy interface Condition cause : null
2026-03-23 19:15:21,882 [WARN] PackLoader:240 - Cannot read IP mode file for STMicroelectronics.X-CUBE-AZRTOS-L4.2.0.0
2026-03-23 19:15:21,884 [WARN] ConditionMgr:1044 - genDependencies : Invalid condition id : LAN8742 Phy interface Condition cause : null
2026-03-23 19:15:21,884 [WARN] ConditionMgr:1044 - genDependencies : Invalid condition id : LAN8742 Phy interface Condition cause : null
2026-03-23 19:15:21,885 [WARN] ConditionMgr:1044 - genDependencies : Invalid condition id : LAN8742 Phy interface Condition cause : null
2026-03-23 19:15:21,896 [WARN] PackLoader:240 - Cannot read IP mode file for STMicroelectronics.X-CUBE-SFXS2LP1.4.0.0
2026-03-23 19:15:21,906 [WARN] PackLoader:240 - Cannot read IP mode file for STMicroelectronics.X-CUBE-ST67W61.1.2.0
2026-03-23 19:15:21,922 [WARN] PackLoader:240 - Cannot read IP mode file for STMicroelectronics.X-CUBE-BLEMGR.4.1.0
2026-03-23 19:15:21,948 [WARN] ConditionMgr:438 - getConditionDescription Invalid condition id : UX DEVICE CLASS RTOS Condition cause : null
2026-03-23 19:15:21,949 [WARN] ConditionMgr:438 - getConditionDescription Invalid condition id : UX DEVICE CLASS RTOS Condition cause : null
2026-03-23 19:15:21,954 [WARN] PackLoader:240 - Cannot read IP mode file for STMicroelectronics.X-CUBE-AZRTOS-WB.2.0.0
2026-03-23 19:15:21,955 [WARN] ConditionMgr:1044 - genDependencies : Invalid condition id : UX DEVICE CLASS RTOS Condition cause : null
2026-03-23 19:15:21,955 [WARN] ConditionMgr:1044 - genDependencies : Invalid condition id : UX DEVICE CLASS RTOS Condition cause : null
2026-03-23 19:15:21,956 [WARN] ConditionMgr:1044 - genDependencies : Invalid condition id : UX DEVICE CLASS RTOS Condition cause : null
2026-03-23 19:15:21,956 [WARN] ConditionMgr:1044 - genDependencies : Invalid condition id : UX DEVICE CLASS RTOS Condition cause : null
2026-03-23 19:15:21,957 [WARN] ConditionMgr:1044 - genDependencies : Invalid condition id : UX DEVICE CLASS RTOS Condition cause : null
2026-03-23 19:15:21,962 [WARN] ConditionMgr:438 - getConditionDescription Invalid condition id : Cortex-A Device cause : null
2026-03-23 19:15:21,972 [WARN] ConditionMgr:1044 - genDependencies : Invalid condition id : Cortex-A Device cause : null
2026-03-23 19:15:21,972 [WARN] ConditionMgr:1044 - genDependencies : Invalid condition id : Cortex-A Device cause : null
2026-03-23 19:15:21,973 [WARN] ConditionMgr:1044 - genDependencies : Invalid condition id : Cortex-A Device cause : null
2026-03-23 19:15:21,982 [WARN] PackLoader:240 - Cannot read IP mode file for STMicroelectronics.X-CUBE-STSE01.2.0.0
2026-03-23 19:15:21,999 [WARN] PackLoader:240 - Cannot read IP mode file for STMicroelectronics.X-CUBE-SUBG2.5.0.0
2026-03-23 19:15:22,039 [WARN] PackLoader:240 - Cannot read IP mode file for STMicroelectronics.X-CUBE-AZRTOS-G4.2.0.0
2026-03-23 19:15:22,050 [WARN] PackLoader:240 - Cannot read IP mode file for wolfSSL.I-CUBE-wolfSSH.1.4.20
2026-03-23 19:15:22,057 [WARN] PackLoader:240 - Cannot read IP mode file for STMicroelectronics.X-CUBE-NFC7.2.0.0
2026-03-23 19:15:22,066 [WARN] PackLoader:240 - Cannot read IP mode file for STMicroelectronics.X-CUBE-ALS.1.0.2
2026-03-23 19:15:22,087 [WARN] PackLoader:240 - Cannot read IP mode file for STMicroelectronics.X-CUBE-TOF1.3.4.3
2026-03-23 19:15:22,114 [INFO] ThirdParty:978 - Integrity check success = true
2026-03-23 19:15:22,114 [INFO] IntegrityCheckThread:100 - exiting critical section [integrity check]
2026-03-23 19:15:22,115 [INFO] IntegrityCheckThread:103 - End integrity checks thread
2026-03-23 19:29:13,707 [INFO] WebApp:194 - Connection lost
2026-03-23 19:29:20,565 [INFO] WebApp:191 - Connection restablished
2026-03-23 20:06:06,529 [INFO] WebApp:194 - Connection lost
2026-03-23 20:06:13,690 [INFO] WebApp:191 - Connection restablished
2026-03-23 20:19:40,593 [INFO] WebApp:194 - Connection lost
2026-03-23 20:19:47,146 [INFO] WebApp:191 - Connection restablished
2026-03-23 20:19:48,000 [INFO] WebApp:194 - Connection lost
2026-03-23 20:19:48,112 [INFO] WebApp:191 - Connection restablished
2026-03-23 20:26:42,583 [ERROR] LogOutputStream:75 - [STDERR_REDIRECT] 
